chr5	207444	207445	MACS_peak_1	42.00	chr5	204874	218297	NM_145265	CCDC127	-	0
chr5	1345286	1345287	MACS_peak_2	90.00	chr5	1317999	1345002	NM_030782	CLPTM1L	-	-284
chr5	1634151	1634152	MACS_peak_3	66.00	chr5	1597671	1634120	NR_003713	LOC728613	-	-31
chr5	1683698	1683699	MACS_peak_4	10.00	chr5	1708899	1708983	NR_036240	MIR4277	-	25200
chr5	1746763	1746764	MACS_peak_5	51.00	chr5	1708899	1708983	NR_036240	MIR4277	-	-37780
chr5	3713525	3713526	MACS_peak_6	12.00	chr5	3596167	3601517	NM_024337	IRX1	+	112008
chr5	5351694	5351695	MACS_peak_7	20.00	chr5	5140442	5320412	NM_139056	ADAMTS16	+	31282
chr5	5373992	5373993	MACS_peak_8	14.00	chr5	5422785	5490347	NM_015325	ICE1	+	-48792
chr5	5422498	5422499	MACS_peak_9	107.00	chr5	5422785	5490347	NM_015325	ICE1	+	-286
chr5	5598918	5598919	MACS_peak_10	46.00	chr5	5422785	5490347	NM_015325	ICE1	+	108571
chr5	5616840	5616841	MACS_peak_11	16.00	chr5	5422785	5490347	NM_015325	ICE1	+	126493
chr5	6408861	6408862	MACS_peak_12	53.00	chr5	6372038	6378639	NM_032286	MED10	-	-30222
chr5	6713325	6713326	MACS_peak_13	50.00	chr5	6714717	6757161	NM_001171805	PAPD7	+	-1391
chr5	6713325	6713326	MACS_peak_13	50.00	chr5	6714717	6757161	NM_006999	PAPD7	+	-1391
chr5	7714490	7714491	MACS_peak_14	43.00	chr5	7396342	7830194	NM_020546	ADCY2	+	0
chr5	7869229	7869230	MACS_peak_15	43.00	chr5	7869216	7901235	NM_002454	MTRR	+	0
chr5	7869229	7869230	MACS_peak_15	43.00	chr5	7869216	7901235	NM_024010	MTRR	+	0
chr5	8457780	8457781	MACS_peak_16	15.00	chr5	8457799	8463209	NR_039989	MIR4458HG	+	-18
chr5	10295003	10295004	MACS_peak_17	32.00	chr5	10277706	10308168	NM_138809	CMBL	-	0
chr5	10303961	10303962	MACS_peak_18	34.00	chr5	10277706	10308168	NM_138809	CMBL	-	0
chr5	10504468	10504469	MACS_peak_19	35.00	chr5	10493638	10502840	NR_104606	LOC101929412	-	-1628
chr5	10507823	10507824	MACS_peak_20	26.00	chr5	10493638	10502840	NR_104606	LOC101929412	-	-4983
chr5	10589107	10589108	MACS_peak_21	31.00	chr5	10564434	10657928	NM_001164440	ANKRD33B	+	0
chr5	10703270	10703271	MACS_peak_22	25.00	chr5	10679341	10761387	NM_004394	DAP	-	0
chr5	10703270	10703271	MACS_peak_22	25.00	chr5	10679341	10761387	NM_001291963	DAP	-	0
chr5	10761426	10761427	MACS_peak_23	42.00	chr5	10679341	10761387	NM_004394	DAP	-	-39
chr5	10761426	10761427	MACS_peak_23	42.00	chr5	10679341	10761387	NM_001291963	DAP	-	-39
chr5	10867184	10867185	MACS_peak_24	12.00	chr5	10971953	11589029	NM_001288715	CTNND2	-	104768
chr5	10867184	10867185	MACS_peak_24	12.00	chr5	10971953	11589029	NM_001288716	CTNND2	-	104768
chr5	10867184	10867185	MACS_peak_24	12.00	chr5	10971953	11904155	NM_001288717	CTNND2	-	104768
chr5	10867184	10867185	MACS_peak_24	12.00	chr5	10971953	11904155	NM_001332	CTNND2	-	104768
chr5	10867184	10867185	MACS_peak_24	12.00	chr5	10971953	11904155	NR_109988	CTNND2	-	104768
chr5	10914179	10914180	MACS_peak_25	29.00	chr5	10971953	11589029	NM_001288715	CTNND2	-	57773
chr5	10914179	10914180	MACS_peak_25	29.00	chr5	10971953	11589029	NM_001288716	CTNND2	-	57773
chr5	10914179	10914180	MACS_peak_25	29.00	chr5	10971953	11904155	NM_001288717	CTNND2	-	57773
chr5	10914179	10914180	MACS_peak_25	29.00	chr5	10971953	11904155	NM_001332	CTNND2	-	57773
chr5	10914179	10914180	MACS_peak_25	29.00	chr5	10971953	11904155	NR_109988	CTNND2	-	57773
chr5	12615467	12615468	MACS_peak_26	22.00	chr5	12574968	12805295	NR_033383	LINC01194	+	0
chr5	14250327	14250328	MACS_peak_27	35.00	chr5	14143828	14509458	NM_007118	TRIO	+	0
chr5	14264919	14264920	MACS_peak_28	48.00	chr5	14143828	14509458	NM_007118	TRIO	+	0
chr5	14272856	14272857	MACS_peak_29	23.00	chr5	14143828	14509458	NM_007118	TRIO	+	0
chr5	14664798	14664799	MACS_peak_30	23.00	chr5	14664782	14699842	NM_138348	OTULIN	+	0
chr5	14809899	14809900	MACS_peak_31	12.00	chr5	14704908	14871887	NM_054027	ANKH	-	0
chr5	15008813	15008814	MACS_peak_32	12.00	chr5	14704908	14871887	NM_054027	ANKH	-	-136926
chr5	16418647	16418648	MACS_peak_33	14.00	chr5	16373469	16441211	NR_104625	LOC101929505	-	0
chr5	16521856	16521857	MACS_peak_34	8.00	chr5	16473146	16617167	NM_001034850	FAM134B	-	0
chr5	16629661	16629662	MACS_peak_35	15.00	chr5	16616034	16630078	NR_109946	LOC101929524	+	0
chr5	17400270	17400271	MACS_peak_36	21.00	chr5	17379014	17387419	NR_033975	LOC401177	-	-12851
chr5	18800127	18800128	MACS_peak_37	11.00	chr5	19473154	19886381	NM_001291957	CDH18	-	673026
chr5	18800127	18800128	MACS_peak_37	11.00	chr5	19473154	19988353	NM_004934	CDH18	-	673026
chr5	18800127	18800128	MACS_peak_37	11.00	chr5	19473154	19988353	NM_001167667	CDH18	-	673026
chr5	18800127	18800128	MACS_peak_37	11.00	chr5	19473154	20575982	NM_001291956	CDH18	-	673026
chr5	19019171	19019172	MACS_peak_38	14.00	chr5	19473154	19886381	NM_001291957	CDH18	-	453982
chr5	19019171	19019172	MACS_peak_38	14.00	chr5	19473154	19988353	NM_004934	CDH18	-	453982
chr5	19019171	19019172	MACS_peak_38	14.00	chr5	19473154	19988353	NM_001167667	CDH18	-	453982
chr5	19019171	19019172	MACS_peak_38	14.00	chr5	19473154	20575982	NM_001291956	CDH18	-	453982
chr5	21835232	21835233	MACS_peak_39	11.00	chr5	21750972	22853731	NM_004061	CDH12	-	0
chr5	22602879	22602880	MACS_peak_40	9.00	chr5	21750972	22853731	NM_004061	CDH12	-	0
chr5	23352734	23352735	MACS_peak_41	12.00	chr5	23507723	23528706	NM_020227	PRDM9	+	-154988
chr5	23579896	23579897	MACS_peak_42	11.00	chr5	23507723	23528706	NM_020227	PRDM9	+	51190
chr5	29005828	29005829	MACS_peak_43	10.00	chr5	29065350	29073330	NR_109948	LOC101929645	+	-59521
chr5	29090055	29090056	MACS_peak_44	15.00	chr5	29065350	29073330	NR_109948	LOC101929645	+	16725
chr5	29977117	29977118	MACS_peak_45	12.00	chr5	29380195	29396083	NR_104628	LOC101929681	-	-581034
chr5	29982798	29982799	MACS_peak_46	10.00	chr5	29380195	29396083	NR_104628	LOC101929681	-	-586715
chr5	29984409	29984410	MACS_peak_47	11.00	chr5	29380195	29396083	NR_104628	LOC101929681	-	-588326
chr5	32174473	32174474	MACS_peak_48	44.00	chr5	32124823	32174425	NM_022130	GOLPH3	-	-48
chr5	32313310	32313311	MACS_peak_49	25.00	chr5	32227112	32313114	NM_001294344	MTMR12	-	-196
chr5	32313310	32313311	MACS_peak_49	25.00	chr5	32227112	32313114	NM_001040446	MTMR12	-	-196
chr5	32313310	32313311	MACS_peak_49	25.00	chr5	32227112	32313114	NM_001294343	MTMR12	-	-196
chr5	32451301	32451302	MACS_peak_50	10.00	chr5	32354455	32444844	NM_016107	ZFR	-	-6457
chr5	32537731	32537732	MACS_peak_51	19.00	chr5	32585604	32604185	NM_006713	SUB1	+	-47872
chr5	32585644	32585645	MACS_peak_52	32.00	chr5	32585604	32604185	NM_006713	SUB1	+	0
chr5	33440910	33440911	MACS_peak_53	30.00	chr5	33440801	33468196	NM_001258437	TARS	+	0
chr5	33440910	33440911	MACS_peak_53	30.00	chr5	33440881	33468196	NM_001258438	TARS	+	0
chr5	33440910	33440911	MACS_peak_53	30.00	chr5	33440881	33468196	NM_152295	TARS	+	0
chr5	33440910	33440911	MACS_peak_53	30.00	chr5	33440881	33468196	NR_047677	TARS	+	0
chr5	33440910	33440911	MACS_peak_53	30.00	chr5	33440881	33468196	NR_047676	TARS	+	0
chr5	33440910	33440911	MACS_peak_53	30.00	chr5	33440881	33468196	NR_047678	TARS	+	0
chr5	34587962	34587963	MACS_peak_54	27.00	chr5	34656432	34832717	NM_015577	RAI14	+	-68469
chr5	34587962	34587963	MACS_peak_54	27.00	chr5	34656432	34832717	NM_001145522	RAI14	+	-68469
chr5	34687090	34687091	MACS_peak_55	50.00	chr5	34656432	34832717	NM_015577	RAI14	+	0
chr5	34687090	34687091	MACS_peak_55	50.00	chr5	34656432	34832717	NM_001145522	RAI14	+	0
chr5	34687090	34687091	MACS_peak_55	50.00	chr5	34656595	34832717	NM_001145520	RAI14	+	0
chr5	34687090	34687091	MACS_peak_55	50.00	chr5	34684611	34832717	NM_001145525	RAI14	+	0
chr5	34687090	34687091	MACS_peak_55	50.00	chr5	34684611	34832717	NM_001145521	RAI14	+	0
chr5	36151272	36151273	MACS_peak_56	116.00	chr5	36103413	36152015	NM_001007527	LMBRD2	-	0
chr5	36152149	36152150	MACS_peak_57	27.00	chr5	36152144	36184142	NM_001243120	SKP2	+	0
chr5	36152149	36152150	MACS_peak_57	27.00	chr5	36152144	36184142	NM_032637	SKP2	+	0
chr5	36152149	36152150	MACS_peak_57	27.00	chr5	36152144	36184142	NM_005983	SKP2	+	0
chr5	36389568	36389569	MACS_peak_58	13.00	chr5	36249103	36302011	NM_145000	RANBP3L	-	-87557
chr5	36389568	36389569	MACS_peak_58	13.00	chr5	36249103	36302011	NM_001161429	RANBP3L	-	-87557
chr5	36704460	36704461	MACS_peak_59	14.00	chr5	36606456	36688436	NM_001289940	SLC1A3	+	16024
chr5	36704460	36704461	MACS_peak_59	14.00	chr5	36606456	36688436	NM_001166695	SLC1A3	+	16024
chr5	36704460	36704461	MACS_peak_59	14.00	chr5	36606456	36688436	NM_004172	SLC1A3	+	16024
chr5	36704460	36704461	MACS_peak_59	14.00	chr5	36606456	36688436	NM_001289939	SLC1A3	+	16024
chr5	36739936	36739937	MACS_peak_60	22.00	chr5	36606456	36688436	NM_001289940	SLC1A3	+	51500
chr5	36739936	36739937	MACS_peak_60	22.00	chr5	36606456	36688436	NM_001166695	SLC1A3	+	51500
chr5	36739936	36739937	MACS_peak_60	22.00	chr5	36606456	36688436	NM_004172	SLC1A3	+	51500
chr5	36739936	36739937	MACS_peak_60	22.00	chr5	36606456	36688436	NM_001289939	SLC1A3	+	51500
chr5	36744340	36744341	MACS_peak_61	20.00	chr5	36606456	36688436	NM_001289940	SLC1A3	+	55904
chr5	36744340	36744341	MACS_peak_61	20.00	chr5	36606456	36688436	NM_001166695	SLC1A3	+	55904
chr5	36744340	36744341	MACS_peak_61	20.00	chr5	36606456	36688436	NM_004172	SLC1A3	+	55904
chr5	36744340	36744341	MACS_peak_61	20.00	chr5	36606456	36688436	NM_001289939	SLC1A3	+	55904
chr5	36821196	36821197	MACS_peak_62	23.00	chr5	36871462	36876796	NR_046262	NIPBL-AS1	-	50265
chr5	37371222	37371223	MACS_peak_63	112.00	chr5	37291734	37371228	NM_004298	NUP155	-	0
chr5	37371222	37371223	MACS_peak_63	112.00	chr5	37291734	37371228	NM_153485	NUP155	-	0
chr5	37371222	37371223	MACS_peak_63	112.00	chr5	37291734	37371228	NM_001278312	NUP155	-	0
chr5	37413277	37413278	MACS_peak_64	19.00	chr5	37379411	37752774	NM_018034	WDR70	+	0
chr5	37553465	37553466	MACS_peak_65	33.00	chr5	37379411	37752774	NM_018034	WDR70	+	0
chr5	37576434	37576435	MACS_peak_66	22.00	chr5	37379411	37752774	NM_018034	WDR70	+	0
chr5	37668800	37668801	MACS_peak_67	17.00	chr5	37379411	37752774	NM_018034	WDR70	+	0
chr5	38466715	38466716	MACS_peak_68	18.00	chr5	38445577	38465582	NM_182801	EGFLAM	+	1133
chr5	38466715	38466716	MACS_peak_68	18.00	chr5	38258510	38465582	NM_001205301	EGFLAM	+	1133
chr5	38466715	38466716	MACS_peak_68	18.00	chr5	38258510	38465582	NM_152403	EGFLAM	+	1133
chr5	38466715	38466716	MACS_peak_68	18.00	chr5	38403633	38465582	NM_182798	EGFLAM	+	1133
chr5	38608431	38608432	MACS_peak_69	12.00	chr5	38556887	38608959	NR_103553	LIFR-AS1	+	0
chr5	38608431	38608432	MACS_peak_69	12.00	chr5	38556887	38671318	NR_103554	LIFR-AS1	+	0
chr5	38615335	38615336	MACS_peak_70	13.00	chr5	38556887	38671318	NR_103554	LIFR-AS1	+	0
chr5	38660527	38660528	MACS_peak_71	24.00	chr5	38556887	38671318	NR_103554	LIFR-AS1	+	0
chr5	38807918	38807919	MACS_peak_72	14.00	chr5	38693314	38845931	NR_109951	OSMR-AS1	-	0
chr5	38827811	38827812	MACS_peak_73	18.00	chr5	38693314	38845931	NR_109951	OSMR-AS1	-	0
chr5	38872448	38872449	MACS_peak_74	19.00	chr5	38845959	38886759	NM_001168355	OSMR	+	0
chr5	38872448	38872449	MACS_peak_74	19.00	chr5	38846100	38935743	NM_003999	OSMR	+	0
chr5	38888292	38888293	MACS_peak_75	21.00	chr5	38846100	38935743	NM_003999	OSMR	+	0
chr5	39177295	39177296	MACS_peak_76	14.00	chr5	39105353	39270759	NM_001243093	FYB	-	0
chr5	39177295	39177296	MACS_peak_76	14.00	chr5	39105353	39219680	NM_001465	FYB	-	0
chr5	39177295	39177296	MACS_peak_76	14.00	chr5	39105353	39219680	NM_199335	FYB	-	0
chr5	39201411	39201412	MACS_peak_77	12.00	chr5	39105353	39270759	NM_001243093	FYB	-	0
chr5	39201411	39201412	MACS_peak_77	12.00	chr5	39105353	39219680	NM_001465	FYB	-	0
chr5	39201411	39201412	MACS_peak_77	12.00	chr5	39105353	39219680	NM_199335	FYB	-	0
chr5	39399784	39399785	MACS_peak_78	20.00	chr5	39371775	39425335	NM_001343	DAB2	-	0
chr5	39399784	39399785	MACS_peak_78	20.00	chr5	39371775	39425335	NM_001244871	DAB2	-	0
chr5	39526081	39526082	MACS_peak_79	13.00	chr5	39520532	39524810	NR_104632	LOC101926940	+	1271
chr5	40802242	40802243	MACS_peak_80	28.00	chr5	40759480	40798297	NM_206907	PRKAA1	-	-3945
chr5	40802242	40802243	MACS_peak_80	28.00	chr5	40759480	40798297	NM_006251	PRKAA1	-	-3945
chr5	40825680	40825681	MACS_peak_81	27.00	chr5	40825364	40829244	NR_037665	LOC100506548	-	0
chr5	41738988	41738989	MACS_peak_82	19.00	chr5	41730166	41870791	NM_000436	OXCT1	-	0
chr5	41883386	41883387	MACS_peak_83	12.00	chr5	41870131	41872338	NR_046635	OXCT1-AS1	+	11048
chr5	41904196	41904197	MACS_peak_84	59.00	chr5	41904469	41921738	NM_175921	C5orf51	+	-272
chr5	42718889	42718890	MACS_peak_85	13.00	chr5	42423876	42721980	NM_000163	GHR	+	0
chr5	42718889	42718890	MACS_peak_85	13.00	chr5	42424553	42721980	NM_001242399	GHR	+	0
chr5	42718889	42718890	MACS_peak_85	13.00	chr5	42424553	42721980	NM_001242400	GHR	+	0
chr5	42718889	42718890	MACS_peak_85	13.00	chr5	42425093	42721980	NM_001242401	GHR	+	0
chr5	42718889	42718890	MACS_peak_85	13.00	chr5	42548144	42721980	NM_001242402	GHR	+	0
chr5	42718889	42718890	MACS_peak_85	13.00	chr5	42548314	42721980	NM_001242403	GHR	+	0
chr5	42718889	42718890	MACS_peak_85	13.00	chr5	42549657	42721980	NM_001242404	GHR	+	0
chr5	42718889	42718890	MACS_peak_85	13.00	chr5	42550181	42721980	NM_001242405	GHR	+	0
chr5	42718889	42718890	MACS_peak_85	13.00	chr5	42565562	42721980	NM_001242406	GHR	+	0
chr5	42718889	42718890	MACS_peak_85	13.00	chr5	42565965	42721980	NM_001242462	GHR	+	0
chr5	42718889	42718890	MACS_peak_85	13.00	chr5	42565965	42721980	NM_001242460	GHR	+	0
chr5	42876694	42876695	MACS_peak_86	24.00	chr5	42799981	42812024	NM_001093726	SEPP1	-	-64670
chr5	42876694	42876695	MACS_peak_86	24.00	chr5	42799981	42812024	NM_001085486	SEPP1	-	-64670
chr5	42876694	42876695	MACS_peak_86	24.00	chr5	42799981	42812024	NM_005410	SEPP1	-	-64670
chr5	43121598	43121599	MACS_peak_87	87.00	chr5	43121002	43176426	NR_123719	ZNF131	+	0
chr5	43121598	43121599	MACS_peak_87	87.00	chr5	43121595	43176426	NM_003432	ZNF131	+	0
chr5	43121598	43121599	MACS_peak_87	87.00	chr5	43121595	43176426	NR_123720	ZNF131	+	0
chr5	43215281	43215282	MACS_peak_88	16.00	chr5	43192169	43280952	NM_153361	NIM1K	+	0
chr5	43215281	43215282	MACS_peak_88	16.00	chr5	43192953	43280952	NR_072980	NIM1K	+	0
chr5	43313785	43313786	MACS_peak_89	46.00	chr5	43287571	43313614	NM_001098272	HMGCS1	-	-171
chr5	43313785	43313786	MACS_peak_89	46.00	chr5	43287571	43313614	NM_002130	HMGCS1	-	-171
chr5	43772998	43772999	MACS_peak_90	27.00	chr5	43602790	43705668	NM_012343	NNT	+	67330
chr5	43772998	43772999	MACS_peak_90	27.00	chr5	43603228	43705668	NM_182977	NNT	+	67330
chr5	43805070	43805071	MACS_peak_91	25.00	chr5	43602790	43705668	NM_012343	NNT	+	99402
chr5	43805070	43805071	MACS_peak_91	25.00	chr5	43603228	43705668	NM_182977	NNT	+	99402
chr5	43855193	43855194	MACS_peak_92	11.00	chr5	43602790	43705668	NM_012343	NNT	+	149525
chr5	43855193	43855194	MACS_peak_92	11.00	chr5	43603228	43705668	NM_182977	NNT	+	149525
chr5	43855736	43855737	MACS_peak_93	12.00	chr5	43602790	43705668	NM_012343	NNT	+	150068
chr5	43855736	43855737	MACS_peak_93	12.00	chr5	43603228	43705668	NM_182977	NNT	+	150068
chr5	43875045	43875046	MACS_peak_94	11.00	chr5	43602790	43705668	NM_012343	NNT	+	169377
chr5	43875045	43875046	MACS_peak_94	11.00	chr5	43603228	43705668	NM_182977	NNT	+	169377
chr5	44798137	44798138	MACS_peak_95	16.00	chr5	44744429	44808895	NR_109863	LOC100506674	-	0
chr5	44798137	44798138	MACS_peak_95	16.00	chr5	44744429	44808895	NR_109862	LOC100506674	-	0
chr5	44798137	44798138	MACS_peak_95	16.00	chr5	44744429	44808895	NR_109865	LOC100506674	-	0
chr5	44798137	44798138	MACS_peak_95	16.00	chr5	44744429	44808895	NR_109864	LOC100506674	-	0
chr5	44808952	44808953	MACS_peak_96	42.00	chr5	44744429	44808895	NR_109863	LOC100506674	-	-57
chr5	44808952	44808953	MACS_peak_96	42.00	chr5	44744429	44808895	NR_109862	LOC100506674	-	-57
chr5	44808952	44808953	MACS_peak_96	42.00	chr5	44744429	44808895	NR_109865	LOC100506674	-	-57
chr5	44808952	44808953	MACS_peak_96	42.00	chr5	44744429	44808895	NR_109864	LOC100506674	-	-57
chr5	53115576	53115577	MACS_peak_97	10.00	chr5	53180613	53606403	NM_019087	ARL15	-	65036
chr5	53309561	53309562	MACS_peak_98	15.00	chr5	53180613	53606403	NM_019087	ARL15	-	0
chr5	53458302	53458303	MACS_peak_99	14.00	chr5	53180613	53606403	NM_019087	ARL15	-	0
chr5	53609365	53609366	MACS_peak_100	21.00	chr5	53180613	53606403	NM_019087	ARL15	-	-2962
chr5	53621664	53621665	MACS_peak_101	25.00	chr5	53616773	53710955	NR_126379	LINC01033	+	0
chr5	53686009	53686010	MACS_peak_102	33.00	chr5	53616773	53710955	NR_126379	LINC01033	+	0
chr5	54468065	54468066	MACS_peak_103	18.00	chr5	54408798	54469005	NM_001145734	CDC20B	-	0
chr5	54468065	54468066	MACS_peak_103	18.00	chr5	54408798	54469005	NM_001170402	CDC20B	-	0
chr5	54468065	54468066	MACS_peak_103	18.00	chr5	54408798	54469005	NM_152623	CDC20B	-	0
chr5	54603785	54603786	MACS_peak_104	40.00	chr5	54603575	54721409	NM_015360	SKIV2L2	+	0
chr5	54686469	54686470	MACS_peak_105	60.00	chr5	54603575	54721409	NM_015360	SKIV2L2	+	0
chr5	55020267	55020268	MACS_peak_106	14.00	chr5	54921672	55008163	NM_001282429	SLC38A9	-	-12104
chr5	55020267	55020268	MACS_peak_106	14.00	chr5	54921672	55008163	NM_173514	SLC38A9	-	-12104
chr5	55293713	55293714	MACS_peak_107	23.00	chr5	55290994	55299475	NR_102755	FLJ31104	+	0
chr5	55381238	55381239	MACS_peak_108	18.00	chr5	55395506	55529186	NM_024669	ANKRD55	-	14267
chr5	55419531	55419532	MACS_peak_109	31.00	chr5	55395506	55529186	NM_024669	ANKRD55	-	0
chr5	55458037	55458038	MACS_peak_110	21.00	chr5	55395506	55529186	NM_024669	ANKRD55	-	0
chr5	55471489	55471490	MACS_peak_111	17.00	chr5	55395506	55529186	NM_024669	ANKRD55	-	0
chr5	55547883	55547884	MACS_peak_112	38.00	chr5	55395506	55529186	NM_024669	ANKRD55	-	-18697
chr5	55584877	55584878	MACS_peak_113	22.00	chr5	55395506	55529186	NM_024669	ANKRD55	-	-55691
chr5	55711343	55711344	MACS_peak_114	23.00	chr5	55753621	55777596	NR_104664	LOC102467147	-	42277
chr5	55790388	55790389	MACS_peak_115	15.00	chr5	55753621	55777596	NR_104664	LOC102467147	-	-12792
chr5	56060002	56060003	MACS_peak_116	11.00	chr5	56110899	56191978	NM_005921	MAP3K1	+	-50896
chr5	56144286	56144287	MACS_peak_117	10.00	chr5	56110899	56191978	NM_005921	MAP3K1	+	0
chr5	56338538	56338539	MACS_peak_118	31.00	chr5	56215428	56247957	NM_001297598	MIER3	-	-90581
chr5	56338538	56338539	MACS_peak_118	31.00	chr5	56215428	56247957	NM_001297599	MIER3	-	-90581
chr5	56338538	56338539	MACS_peak_118	31.00	chr5	56215428	56247957	NM_152622	MIER3	-	-90581
chr5	56469538	56469539	MACS_peak_119	28.00	chr5	56469774	56560506	NM_022913	GPBP1	+	-235
chr5	56469538	56469539	MACS_peak_119	28.00	chr5	56469774	56560506	NM_001203246	GPBP1	+	-235
chr5	56679277	56679278	MACS_peak_120	19.00	chr5	56775842	56778636	NM_001017992	ACTBL2	-	96564
chr5	58423573	58423574	MACS_peak_121	26.00	chr5	58264865	58652727	NM_001197219	PDE4D	-	0
chr5	58423573	58423574	MACS_peak_121	26.00	chr5	58264865	58571945	NM_001197220	PDE4D	-	0
chr5	58423573	58423574	MACS_peak_121	26.00	chr5	58264865	58882324	NM_006203	PDE4D	-	0
chr5	58423573	58423574	MACS_peak_121	26.00	chr5	58264865	59189621	NM_001104631	PDE4D	-	0
chr5	58423573	58423574	MACS_peak_121	26.00	chr5	58264865	59064438	NM_001197218	PDE4D	-	0
chr5	58423573	58423574	MACS_peak_121	26.00	chr5	58264865	59783925	NM_001165899	PDE4D	-	0
chr5	59996032	59996033	MACS_peak_122	47.00	chr5	59892738	59995993	NM_001145208	DEPDC1B	-	-39
chr5	59996032	59996033	MACS_peak_122	47.00	chr5	59892738	59995993	NM_018369	DEPDC1B	-	-39
chr5	60116722	60116723	MACS_peak_123	28.00	chr5	60047615	60140101	NM_024930	ELOVL7	-	0
chr5	60116722	60116723	MACS_peak_123	28.00	chr5	60047615	60140101	NM_001104558	ELOVL7	-	0
chr5	60116722	60116723	MACS_peak_123	28.00	chr5	60047615	60140101	NM_001297617	ELOVL7	-	0
chr5	60116722	60116723	MACS_peak_123	28.00	chr5	60047615	60140101	NM_001297618	ELOVL7	-	0
chr5	60628008	60628009	MACS_peak_124	77.00	chr5	60628099	60841999	NM_020928	ZSWIM6	+	-90
chr5	60704683	60704684	MACS_peak_125	38.00	chr5	60628099	60841999	NM_020928	ZSWIM6	+	0
chr5	60871154	60871155	MACS_peak_126	16.00	chr5	60628099	60841999	NM_020928	ZSWIM6	+	29155
chr5	61572964	61572965	MACS_peak_127	17.00	chr5	61601988	61683011	NM_001243952	KIF2A	+	-29023
chr5	61572964	61572965	MACS_peak_127	17.00	chr5	61601988	61683011	NM_004520	KIF2A	+	-29023
chr5	61572964	61572965	MACS_peak_127	17.00	chr5	61601988	61683011	NM_001098511	KIF2A	+	-29023
chr5	61572964	61572965	MACS_peak_127	17.00	chr5	61601988	61683011	NM_001243953	KIF2A	+	-29023
chr5	61601767	61601768	MACS_peak_128	40.00	chr5	61601988	61683011	NM_001243952	KIF2A	+	-220
chr5	61601767	61601768	MACS_peak_128	40.00	chr5	61601988	61683011	NM_004520	KIF2A	+	-220
chr5	61601767	61601768	MACS_peak_128	40.00	chr5	61601988	61683011	NM_001098511	KIF2A	+	-220
chr5	61601767	61601768	MACS_peak_128	40.00	chr5	61601988	61683011	NM_001243953	KIF2A	+	-220
chr5	61708581	61708582	MACS_peak_129	155.00	chr5	61708572	61924416	NM_016338	IPO11	+	0
chr5	61717426	61717427	MACS_peak_130	22.00	chr5	61708572	61924416	NM_016338	IPO11	+	0
chr5	61717426	61717427	MACS_peak_130	22.00	chr5	61714710	61924416	NM_001134779	IPO11	+	0
chr5	61834609	61834610	MACS_peak_131	61.00	chr5	61708572	61924416	NM_016338	IPO11	+	0
chr5	61834609	61834610	MACS_peak_131	61.00	chr5	61714710	61924416	NM_001134779	IPO11	+	0
chr5	64328299	64328300	MACS_peak_132	16.00	chr5	64064744	64314590	NM_001297644	CWC27	+	13709
chr5	64328299	64328300	MACS_peak_132	16.00	chr5	64064744	64314590	NM_005869	CWC27	+	13709
chr5	64331626	64331627	MACS_peak_133	46.00	chr5	64064744	64314590	NM_001297644	CWC27	+	17036
chr5	64331626	64331627	MACS_peak_133	46.00	chr5	64064744	64314590	NM_005869	CWC27	+	17036
chr5	64397028	64397029	MACS_peak_134	8.00	chr5	64444562	64777704	NM_197941	ADAMTS6	-	47533
chr5	64417953	64417954	MACS_peak_135	15.00	chr5	64444562	64777704	NM_197941	ADAMTS6	-	26608
chr5	64558649	64558650	MACS_peak_136	10.00	chr5	64444562	64777704	NM_197941	ADAMTS6	-	0
chr5	64859081	64859082	MACS_peak_137	122.00	chr5	64859062	64883376	NM_015342	PPWD1	+	0
chr5	64859081	64859082	MACS_peak_137	122.00	chr5	64859065	64883370	NM_001278927	PPWD1	+	0
chr5	64859081	64859082	MACS_peak_137	122.00	chr5	64859065	64883370	NM_001278926	PPWD1	+	0
chr5	64859081	64859082	MACS_peak_137	122.00	chr5	64859065	64883370	NM_001278929	PPWD1	+	0
chr5	65038577	65038578	MACS_peak_138	23.00	chr5	65018022	65125111	NM_020726	NLN	+	0
chr5	65263337	65263338	MACS_peak_139	23.00	chr5	65222381	65376851	NM_001253699	ERBB2IP	+	0
chr5	65263337	65263338	MACS_peak_139	23.00	chr5	65222381	65376851	NM_001253701	ERBB2IP	+	0
chr5	65263337	65263338	MACS_peak_139	23.00	chr5	65222381	65376851	NM_001253697	ERBB2IP	+	0
chr5	65263337	65263338	MACS_peak_139	23.00	chr5	65222381	65376851	NM_001006600	ERBB2IP	+	0
chr5	65263337	65263338	MACS_peak_139	23.00	chr5	65222381	65376851	NM_018695	ERBB2IP	+	0
chr5	65263337	65263338	MACS_peak_139	23.00	chr5	65222381	65376851	NM_001253698	ERBB2IP	+	0
chr5	65440447	65440448	MACS_peak_140	19.00	chr5	65440045	65453568	NM_001270493	SREK1	+	0
chr5	65440447	65440448	MACS_peak_140	19.00	chr5	65440045	65479444	NM_001077199	SREK1	+	0
chr5	65440447	65440448	MACS_peak_140	19.00	chr5	65440045	65479444	NM_001270492	SREK1	+	0
chr5	66192156	66192157	MACS_peak_141	23.00	chr5	66124603	66465423	NM_015183	MAST4	+	0
chr5	66192156	66192157	MACS_peak_141	23.00	chr5	65892175	66465423	NM_001164664	MAST4	+	0
chr5	66192156	66192157	MACS_peak_141	23.00	chr5	65892175	66282351	NM_198828	MAST4	+	0
chr5	66192156	66192157	MACS_peak_141	23.00	chr5	65892175	66282351	NM_001290228	MAST4	+	0
chr5	66300441	66300442	MACS_peak_142	20.00	chr5	66124603	66465423	NM_015183	MAST4	+	0
chr5	66300441	66300442	MACS_peak_142	20.00	chr5	66254697	66465423	NM_001290226	MAST4	+	0
chr5	66300441	66300442	MACS_peak_142	20.00	chr5	65892175	66465423	NM_001164664	MAST4	+	0
chr5	66311797	66311798	MACS_peak_143	9.00	chr5	66124603	66465423	NM_015183	MAST4	+	0
chr5	66311797	66311798	MACS_peak_143	9.00	chr5	66254697	66465423	NM_001290226	MAST4	+	0
chr5	66311797	66311798	MACS_peak_143	9.00	chr5	66300447	66465423	NM_001290227	MAST4	+	0
chr5	66311797	66311798	MACS_peak_143	9.00	chr5	66300447	66465423	NM_001297651	MAST4	+	0
chr5	66311797	66311798	MACS_peak_143	9.00	chr5	65892175	66465423	NM_001164664	MAST4	+	0
chr5	66330246	66330247	MACS_peak_144	12.00	chr5	66124603	66465423	NM_015183	MAST4	+	0
chr5	66330246	66330247	MACS_peak_144	12.00	chr5	66254697	66465423	NM_001290226	MAST4	+	0
chr5	66330246	66330247	MACS_peak_144	12.00	chr5	66300447	66465423	NM_001290227	MAST4	+	0
chr5	66330246	66330247	MACS_peak_144	12.00	chr5	66300447	66465423	NM_001297651	MAST4	+	0
chr5	66330246	66330247	MACS_peak_144	12.00	chr5	65892175	66465423	NM_001164664	MAST4	+	0
chr5	66362864	66362865	MACS_peak_145	23.00	chr5	66124603	66465423	NM_015183	MAST4	+	0
chr5	66362864	66362865	MACS_peak_145	23.00	chr5	66254697	66465423	NM_001290226	MAST4	+	0
chr5	66362864	66362865	MACS_peak_145	23.00	chr5	66300447	66465423	NM_001290227	MAST4	+	0
chr5	66362864	66362865	MACS_peak_145	23.00	chr5	66300447	66465423	NM_001297651	MAST4	+	0
chr5	66362864	66362865	MACS_peak_145	23.00	chr5	65892175	66465423	NM_001164664	MAST4	+	0
chr5	66502951	66502952	MACS_peak_146	22.00	chr5	66478103	66492617	NM_005582	CD180	-	-10334
chr5	67253335	67253336	MACS_peak_147	9.00	chr5	67089040	67096886	NR_130779	LOC101928858	+	156449
chr5	67535590	67535591	MACS_peak_148	27.00	chr5	67511583	67597649	NM_181523	PIK3R1	+	0
chr5	67575953	67575954	MACS_peak_149	11.00	chr5	67511583	67597649	NM_181523	PIK3R1	+	0
chr5	67701051	67701052	MACS_peak_150	19.00	chr5	67584251	67597649	NM_181524	PIK3R1	+	103402
chr5	67701051	67701052	MACS_peak_150	19.00	chr5	67586466	67597649	NM_181504	PIK3R1	+	103402
chr5	67701051	67701052	MACS_peak_150	19.00	chr5	67588395	67597649	NM_001242466	PIK3R1	+	103402
chr5	67701051	67701052	MACS_peak_150	19.00	chr5	67511583	67597649	NM_181523	PIK3R1	+	103402
chr5	67752672	67752673	MACS_peak_151	41.00	chr5	67584251	67597649	NM_181524	PIK3R1	+	155023
chr5	67752672	67752673	MACS_peak_151	41.00	chr5	67586466	67597649	NM_181504	PIK3R1	+	155023
chr5	67752672	67752673	MACS_peak_151	41.00	chr5	67588395	67597649	NM_001242466	PIK3R1	+	155023
chr5	67752672	67752673	MACS_peak_151	41.00	chr5	67511583	67597649	NM_181523	PIK3R1	+	155023
chr5	67994293	67994294	MACS_peak_152	15.00	chr5	68263567	68325754	NR_130778	LOC101928885	-	269273
chr5	68026707	68026708	MACS_peak_153	37.00	chr5	68263567	68325754	NR_130778	LOC101928885	-	236859
chr5	68389800	68389801	MACS_peak_154	49.00	chr5	68389775	68400567	NM_001251969	SLC30A5	+	0
chr5	68389800	68389801	MACS_peak_154	49.00	chr5	68389775	68400567	NM_024055	SLC30A5	+	0
chr5	68389800	68389801	MACS_peak_154	49.00	chr5	68389775	68426899	NM_022902	SLC30A5	+	0
chr5	70751423	70751424	MACS_peak_155	175.00	chr5	70751441	70863649	NM_018429	BDP1	+	-17
chr5	70829670	70829671	MACS_peak_156	25.00	chr5	70751441	70863649	NM_018429	BDP1	+	0
chr5	71221015	71221016	MACS_peak_157	19.00	chr5	71403117	71505397	NM_005909	MAP1B	+	-182101
chr5	71522976	71522977	MACS_peak_158	23.00	chr5	71515235	71616084	NM_001286748	MRPS27	-	0
chr5	71522976	71522977	MACS_peak_158	23.00	chr5	71515235	71616084	NM_015084	MRPS27	-	0
chr5	71522976	71522977	MACS_peak_158	23.00	chr5	71515235	71616084	NM_001286751	MRPS27	-	0
chr5	71528349	71528350	MACS_peak_159	21.00	chr5	71515235	71616084	NM_001286748	MRPS27	-	0
chr5	71528349	71528350	MACS_peak_159	21.00	chr5	71515235	71616084	NM_015084	MRPS27	-	0
chr5	71528349	71528350	MACS_peak_159	21.00	chr5	71515235	71616084	NM_001286751	MRPS27	-	0
chr5	71530192	71530193	MACS_peak_160	25.00	chr5	71515235	71616084	NM_001286748	MRPS27	-	0
chr5	71530192	71530193	MACS_peak_160	25.00	chr5	71515235	71616084	NM_015084	MRPS27	-	0
chr5	71530192	71530193	MACS_peak_160	25.00	chr5	71515235	71616084	NM_001286751	MRPS27	-	0
chr5	71578073	71578074	MACS_peak_161	19.00	chr5	71515235	71616084	NM_001286748	MRPS27	-	0
chr5	71578073	71578074	MACS_peak_161	19.00	chr5	71515235	71616084	NM_015084	MRPS27	-	0
chr5	71578073	71578074	MACS_peak_161	19.00	chr5	71515235	71616084	NM_001286751	MRPS27	-	0
chr5	71616149	71616150	MACS_peak_162	48.00	chr5	71616193	71655180	NM_024754	PTCD2	+	-43
chr5	71616149	71616150	MACS_peak_162	48.00	chr5	71616193	71655180	NM_001284405	PTCD2	+	-43
chr5	71616149	71616150	MACS_peak_162	48.00	chr5	71616193	71655180	NM_001284404	PTCD2	+	-43
chr5	71616149	71616150	MACS_peak_162	48.00	chr5	71616193	71655180	NM_001284403	PTCD2	+	-43
chr5	71764612	71764613	MACS_peak_163	15.00	chr5	71735725	71803249	NM_152625	ZNF366	-	0
chr5	72139559	72139560	MACS_peak_164	13.00	chr5	72112417	72210215	NM_002270	TNPO1	+	0
chr5	72784715	72784716	MACS_peak_165	33.00	chr5	72794249	72801448	NM_001037637	BTF3	+	-9533
chr5	72784715	72784716	MACS_peak_165	33.00	chr5	72794249	72801448	NM_001207	BTF3	+	-9533
chr5	72861562	72861563	MACS_peak_166	85.00	chr5	72861565	72879202	NM_032175	UTP15	+	-2
chr5	72861562	72861563	MACS_peak_166	85.00	chr5	72861565	72879202	NM_001284430	UTP15	+	-2
chr5	72861562	72861563	MACS_peak_166	85.00	chr5	72861565	72879202	NM_001284431	UTP15	+	-2
chr5	72968114	72968115	MACS_peak_167	21.00	chr5	72921982	73237818	NM_001080479	ARHGEF28	+	0
chr5	72968114	72968115	MACS_peak_167	21.00	chr5	72921982	73237818	NM_001177693	ARHGEF28	+	0
chr5	73547085	73547086	MACS_peak_168	8.00	chr5	73602234	73604150	NR_105009	LINC01335	-	55148
chr5	73553789	73553790	MACS_peak_169	18.00	chr5	73602234	73604150	NR_105009	LINC01335	-	48444
chr5	73622960	73622961	MACS_peak_170	15.00	chr5	73618310	73624182	NR_105010	LINC01333	+	0
chr5	73711890	73711891	MACS_peak_171	14.00	chr5	73665200	73832801	NR_126354	LINC01331	-	0
chr5	73712216	73712217	MACS_peak_172	13.00	chr5	73665200	73832801	NR_126354	LINC01331	-	0
chr5	73847954	73847955	MACS_peak_173	12.00	chr5	73665200	73832801	NR_126354	LINC01331	-	-15153
chr5	73875170	73875171	MACS_peak_174	19.00	chr5	73665200	73832801	NR_126354	LINC01331	-	-42369
chr5	73928319	73928320	MACS_peak_175	16.00	chr5	73923230	73937249	NM_001256576	ENC1	-	0
chr5	73928319	73928320	MACS_peak_175	16.00	chr5	73923230	73937249	NM_001256575	ENC1	-	0
chr5	73928319	73928320	MACS_peak_175	16.00	chr5	73923230	73937249	NM_001256574	ENC1	-	0
chr5	73928319	73928320	MACS_peak_175	16.00	chr5	73923230	73937249	NM_003633	ENC1	-	0
chr5	73928319	73928320	MACS_peak_175	16.00	chr5	73923230	73937249	NR_046318	ENC1	-	0
chr5	73939224	73939225	MACS_peak_176	19.00	chr5	73935847	74017113	NM_001292004	HEXB	+	0
chr5	74632926	74632927	MACS_peak_177	56.00	chr5	74632992	74657926	NM_001130996	HMGCR	+	-65
chr5	74632926	74632927	MACS_peak_177	56.00	chr5	74632992	74657926	NM_000859	HMGCR	+	-65
chr5	74677515	74677516	MACS_peak_178	21.00	chr5	74666927	74807454	NM_005713	COL4A3BP	-	0
chr5	74677515	74677516	MACS_peak_178	21.00	chr5	74666927	74807806	NM_001130105	COL4A3BP	-	0
chr5	74677515	74677516	MACS_peak_178	21.00	chr5	74666927	74807454	NM_031361	COL4A3BP	-	0
chr5	74807578	74807579	MACS_peak_179	22.00	chr5	74666927	74807806	NM_001130105	COL4A3BP	-	0
chr5	74862889	74862890	MACS_peak_180	23.00	chr5	74807656	74895646	NM_016218	POLK	+	0
chr5	75002849	75002850	MACS_peak_181	17.00	chr5	74970023	75008280	NM_152408	POC5	-	0
chr5	75002849	75002850	MACS_peak_181	17.00	chr5	74970023	75013313	NM_001099271	POC5	-	0
chr5	75013232	75013233	MACS_peak_182	19.00	chr5	74970023	75013313	NM_001099271	POC5	-	0
chr5	75471889	75471890	MACS_peak_183	19.00	chr5	75379238	75649764	NM_001297716	SV2C	+	0
chr5	75471889	75471890	MACS_peak_183	19.00	chr5	75379238	75629781	NM_014979	SV2C	+	0
chr5	75605105	75605106	MACS_peak_184	12.00	chr5	75379238	75649764	NM_001297716	SV2C	+	0
chr5	75605105	75605106	MACS_peak_184	12.00	chr5	75379238	75629781	NM_014979	SV2C	+	0
chr5	75668573	75668574	MACS_peak_185	23.00	chr5	75379238	75649764	NM_001297716	SV2C	+	18809
chr5	75776330	75776331	MACS_peak_186	11.00	chr5	75699079	76003957	NM_006633	IQGAP2	+	0
chr5	75838939	75838940	MACS_peak_187	19.00	chr5	75699079	76003957	NM_006633	IQGAP2	+	0
chr5	75852913	75852914	MACS_peak_188	15.00	chr5	75699079	76003957	NM_006633	IQGAP2	+	0
chr5	75852913	75852914	MACS_peak_188	15.00	chr5	75843233	76003957	NM_001285460	IQGAP2	+	0
chr5	75904890	75904891	MACS_peak_189	45.00	chr5	75699079	76003957	NM_006633	IQGAP2	+	0
chr5	75904890	75904891	MACS_peak_189	45.00	chr5	75843233	76003957	NM_001285460	IQGAP2	+	0
chr5	76035033	76035034	MACS_peak_190	20.00	chr5	76011867	76031595	NM_001992	F2R	+	3438
chr5	76086606	76086607	MACS_peak_191	14.00	chr5	76114832	76131140	NM_005242	F2RL1	+	-28225
chr5	76101926	76101927	MACS_peak_192	20.00	chr5	76114832	76131140	NM_005242	F2RL1	+	-12905
chr5	76326180	76326181	MACS_peak_193	32.00	chr5	76326209	76361058	NM_018046	AGGF1	+	-28
chr5	77175944	77175945	MACS_peak_194	17.00	chr5	77180479	77254920	NR_105012	LOC101929154	+	-4534
chr5	77517955	77517956	MACS_peak_195	13.00	chr5	77298149	77590579	NM_003664	AP3B1	-	0
chr5	77517955	77517956	MACS_peak_195	13.00	chr5	77298149	77590579	NM_001271769	AP3B1	-	0
chr5	77779847	77779848	MACS_peak_196	25.00	chr5	77781037	77944648	NM_005779	LHFPL2	-	1189
chr5	77893360	77893361	MACS_peak_197	56.00	chr5	77781037	77944648	NM_005779	LHFPL2	-	0
chr5	77955679	77955680	MACS_peak_198	25.00	chr5	77781037	77944648	NM_005779	LHFPL2	-	-11031
chr5	78067277	78067278	MACS_peak_199	9.00	chr5	78073036	78282357	NM_000046	ARSB	-	5758
chr5	78403049	78403050	MACS_peak_200	8.00	chr5	78407603	78428113	NM_001713	BHMT	+	-4553
chr5	78810439	78810440	MACS_peak_201	113.00	chr5	78669646	78809659	NM_001277078	HOMER1	-	-780
chr5	78810439	78810440	MACS_peak_201	113.00	chr5	78669646	78809659	NM_004272	HOMER1	-	-780
chr5	78810439	78810440	MACS_peak_201	113.00	chr5	78669646	78809659	NM_001277077	HOMER1	-	-780
chr5	78993272	78993273	MACS_peak_202	34.00	chr5	78985658	79096049	NM_153610	CMYA5	+	0
chr5	79107052	79107053	MACS_peak_203	19.00	chr5	78985658	79096049	NM_153610	CMYA5	+	11003
chr5	79500934	79500935	MACS_peak_204	19.00	chr5	79434549	79551901	NM_001174072	SERINC5	-	0
chr5	79500934	79500935	MACS_peak_204	19.00	chr5	79407049	79551901	NM_178276	SERINC5	-	0
chr5	79500934	79500935	MACS_peak_204	19.00	chr5	79407049	79551901	NM_001174071	SERINC5	-	0
chr5	79500934	79500935	MACS_peak_204	19.00	chr5	79407049	79551901	NR_126060	SERINC5	-	0
chr5	79500934	79500935	MACS_peak_204	19.00	chr5	79407049	79551901	NR_126061	SERINC5	-	0
chr5	79707493	79707494	MACS_peak_205	13.00	chr5	79703831	79775688	NM_001105251	ZFYVE16	+	0
chr5	79707493	79707494	MACS_peak_205	13.00	chr5	79703831	79775688	NM_014733	ZFYVE16	+	0
chr5	79707493	79707494	MACS_peak_205	13.00	chr5	79703831	79736195	NM_001284237	ZFYVE16	+	0
chr5	79707493	79707494	MACS_peak_205	13.00	chr5	79703831	79775688	NM_001284236	ZFYVE16	+	0
chr5	80597380	80597381	MACS_peak_206	88.00	chr5	80533383	80597388	NR_034121	CKMT2-AS1	-	0
chr5	80597380	80597381	MACS_peak_206	88.00	chr5	80533383	80597388	NR_034123	CKMT2-AS1	-	0
chr5	80597380	80597381	MACS_peak_206	88.00	chr5	80533383	80597388	NR_034122	CKMT2-AS1	-	0
chr5	80597380	80597381	MACS_peak_206	88.00	chr5	80501461	80746718	NR_002754	RNU5E-1	+	0
chr5	80597380	80597381	MACS_peak_206	88.00	chr5	80501462	80746718	NR_002755	RNU5D-1	+	0
chr5	80716301	80716302	MACS_peak_207	13.00	chr5	80501461	80746718	NR_002754	RNU5E-1	+	0
chr5	80716301	80716302	MACS_peak_207	13.00	chr5	80501462	80746718	NR_002755	RNU5D-1	+	0
chr5	80716301	80716302	MACS_peak_207	13.00	chr5	80713178	81047072	NM_001256736	SSBP2	-	0
chr5	80716301	80716302	MACS_peak_207	13.00	chr5	80713178	81047072	NM_001256735	SSBP2	-	0
chr5	80716301	80716302	MACS_peak_207	13.00	chr5	80713178	81047072	NM_001256734	SSBP2	-	0
chr5	80716301	80716302	MACS_peak_207	13.00	chr5	80713178	81047072	NM_001256733	SSBP2	-	0
chr5	80716301	80716302	MACS_peak_207	13.00	chr5	80713178	81047072	NM_012446	SSBP2	-	0
chr5	80716301	80716302	MACS_peak_207	13.00	chr5	80713178	81047072	NM_001256732	SSBP2	-	0
chr5	80802952	80802953	MACS_peak_208	30.00	chr5	80713178	81047072	NM_001256736	SSBP2	-	0
chr5	80802952	80802953	MACS_peak_208	30.00	chr5	80713178	81047072	NM_001256735	SSBP2	-	0
chr5	80802952	80802953	MACS_peak_208	30.00	chr5	80713178	81047072	NM_001256734	SSBP2	-	0
chr5	80802952	80802953	MACS_peak_208	30.00	chr5	80713178	81047072	NM_001256733	SSBP2	-	0
chr5	80802952	80802953	MACS_peak_208	30.00	chr5	80713178	81047072	NM_012446	SSBP2	-	0
chr5	80802952	80802953	MACS_peak_208	30.00	chr5	80713178	81047072	NM_001256732	SSBP2	-	0
chr5	80875565	80875566	MACS_peak_209	11.00	chr5	80713178	81047072	NM_001256736	SSBP2	-	0
chr5	80875565	80875566	MACS_peak_209	11.00	chr5	80713178	81047072	NM_001256735	SSBP2	-	0
chr5	80875565	80875566	MACS_peak_209	11.00	chr5	80713178	81047072	NM_001256734	SSBP2	-	0
chr5	80875565	80875566	MACS_peak_209	11.00	chr5	80713178	81047072	NM_001256733	SSBP2	-	0
chr5	80875565	80875566	MACS_peak_209	11.00	chr5	80713178	81047072	NM_012446	SSBP2	-	0
chr5	80875565	80875566	MACS_peak_209	11.00	chr5	80713178	81047072	NM_001256732	SSBP2	-	0
chr5	81267809	81267810	MACS_peak_210	45.00	chr5	81267843	81551216	NM_001131028	ATG10	+	-33
chr5	81267809	81267810	MACS_peak_210	45.00	chr5	81267843	81551216	NM_031482	ATG10	+	-33
chr5	81407185	81407186	MACS_peak_211	17.00	chr5	81267843	81551216	NM_001131028	ATG10	+	0
chr5	81407185	81407186	MACS_peak_211	17.00	chr5	81267843	81551216	NM_031482	ATG10	+	0
chr5	82373360	82373361	MACS_peak_212	26.00	chr5	82373316	82649579	NM_022550	XRCC4	+	0
chr5	82373360	82373361	MACS_peak_212	26.00	chr5	82373316	82649579	NM_022406	XRCC4	+	0
chr5	82373360	82373361	MACS_peak_212	26.00	chr5	82373316	82649579	NM_003401	XRCC4	+	0
chr5	82656614	82656615	MACS_peak_213	24.00	chr5	82373316	82649579	NM_022550	XRCC4	+	7035
chr5	82656614	82656615	MACS_peak_213	24.00	chr5	82373316	82649579	NM_022406	XRCC4	+	7035
chr5	82656614	82656615	MACS_peak_213	24.00	chr5	82373316	82649579	NM_003401	XRCC4	+	7035
chr5	82805585	82805586	MACS_peak_214	13.00	chr5	82767492	82878122	NM_001126336	VCAN	+	0
chr5	82805585	82805586	MACS_peak_214	13.00	chr5	82767492	82878122	NM_001164098	VCAN	+	0
chr5	82805585	82805586	MACS_peak_214	13.00	chr5	82767492	82878122	NM_001164097	VCAN	+	0
chr5	82805585	82805586	MACS_peak_214	13.00	chr5	82767492	82878122	NM_004385	VCAN	+	0
chr5	84450897	84450898	MACS_peak_215	8.00	chr5	83236413	83680685	NM_005711	EDIL3	-	-770212
chr5	84450897	84450898	MACS_peak_215	8.00	chr5	83236413	83680685	NM_001278642	EDIL3	-	-770212
chr5	84943690	84943691	MACS_peak_216	21.00	chr5	85578261	85593365	NR_003719	NBPF22P	+	-634570
chr5	85822918	85822919	MACS_peak_217	21.00	chr5	85913783	85916583	NM_001867	COX7C	+	-90864
chr5	85913717	85913718	MACS_peak_218	36.00	chr5	85913783	85916583	NM_001867	COX7C	+	-65
chr5	86377457	86377458	MACS_peak_219	7.00	chr5	86410695	86410771	NR_036243	MIR4280	-	33237
chr5	86700351	86700352	MACS_peak_220	11.00	chr5	86690078	86708850	NM_001239	CCNH	-	0
chr5	86700351	86700352	MACS_peak_220	11.00	chr5	86690078	86708721	NM_001199189	CCNH	-	0
chr5	86708761	86708762	MACS_peak_221	101.00	chr5	86690078	86708850	NM_001239	CCNH	-	0
chr5	87077128	87077129	MACS_peak_222	13.00	chr5	86690078	86708850	NM_001239	CCNH	-	-368278
chr5	88180521	88180522	MACS_peak_223	25.00	chr5	88179146	88328193	NR_109941	MEF2C-AS1	+	0
chr5	88180521	88180522	MACS_peak_223	25.00	chr5	88014057	88199922	NM_001193347	MEF2C	-	0
chr5	88180521	88180522	MACS_peak_223	25.00	chr5	88014057	88199922	NM_001131005	MEF2C	-	0
chr5	88220279	88220280	MACS_peak_224	14.00	chr5	88179146	88328193	NR_109941	MEF2C-AS1	+	0
chr5	88220279	88220280	MACS_peak_224	14.00	chr5	88185124	88237187	NR_109940	MEF2C-AS1	+	0
chr5	88220279	88220280	MACS_peak_224	14.00	chr5	88185124	88263096	NR_104031	MEF2C-AS1	+	0
chr5	88225423	88225424	MACS_peak_225	13.00	chr5	88179146	88328193	NR_109941	MEF2C-AS1	+	0
chr5	88225423	88225424	MACS_peak_225	13.00	chr5	88185124	88237187	NR_109940	MEF2C-AS1	+	0
chr5	88225423	88225424	MACS_peak_225	13.00	chr5	88185124	88263096	NR_104031	MEF2C-AS1	+	0
chr5	88429113	88429114	MACS_peak_226	13.00	chr5	88179146	88328193	NR_109941	MEF2C-AS1	+	100920
chr5	88433010	88433011	MACS_peak_227	9.00	chr5	88179146	88328193	NR_109941	MEF2C-AS1	+	104817
chr5	88609859	88609860	MACS_peak_228	18.00	chr5	88179146	88328193	NR_109941	MEF2C-AS1	+	281666
chr5	89174266	89174267	MACS_peak_229	13.00	chr5	89312437	89312537	NR_037433	MIR3660	-	138170
chr5	89900861	89900862	MACS_peak_230	22.00	chr5	89854616	90460033	NR_003149	GPR98	+	0
chr5	89900861	89900862	MACS_peak_230	22.00	chr5	89854616	90460033	NM_032119	GPR98	+	0
chr5	89940176	89940177	MACS_peak_231	35.00	chr5	89854616	90460033	NR_003149	GPR98	+	0
chr5	89940176	89940177	MACS_peak_231	35.00	chr5	89854616	90460033	NM_032119	GPR98	+	0
chr5	89940975	89940976	MACS_peak_232	26.00	chr5	89854616	90460033	NR_003149	GPR98	+	0
chr5	89940975	89940976	MACS_peak_232	26.00	chr5	89854616	90460033	NM_032119	GPR98	+	0
chr5	89954640	89954641	MACS_peak_233	17.00	chr5	89854616	90460033	NR_003149	GPR98	+	0
chr5	89954640	89954641	MACS_peak_233	17.00	chr5	89854616	90460033	NM_032119	GPR98	+	0
chr5	90279187	90279188	MACS_peak_234	26.00	chr5	89854616	90460033	NR_003149	GPR98	+	0
chr5	90279187	90279188	MACS_peak_234	26.00	chr5	89854616	90460033	NM_032119	GPR98	+	0
chr5	90628319	90628320	MACS_peak_235	20.00	chr5	90606730	90610219	NR_103549	LUCAT1	-	-18100
chr5	90628319	90628320	MACS_peak_235	20.00	chr5	90598802	90610219	NR_103548	LUCAT1	-	-18100
chr5	90680866	90680867	MACS_peak_236	18.00	chr5	90676163	90716532	NR_027435	ARRDC3-AS1	+	0
chr5	90765809	90765810	MACS_peak_237	10.00	chr5	90676163	90716532	NR_027435	ARRDC3-AS1	+	49277
chr5	93415088	93415089	MACS_peak_238	11.00	chr5	92953430	93447404	NM_001163417	FAM172A	-	0
chr5	93415088	93415089	MACS_peak_238	11.00	chr5	92953430	93447404	NM_032042	FAM172A	-	0
chr5	93415088	93415089	MACS_peak_238	11.00	chr5	92953430	93447404	NM_001163418	FAM172A	-	0
chr5	93415088	93415089	MACS_peak_238	11.00	chr5	92953430	93447404	NR_028080	FAM172A	-	0
chr5	93430700	93430701	MACS_peak_239	57.00	chr5	92953430	93447404	NM_001163417	FAM172A	-	0
chr5	93430700	93430701	MACS_peak_239	57.00	chr5	92953430	93447404	NM_032042	FAM172A	-	0
chr5	93430700	93430701	MACS_peak_239	57.00	chr5	92953430	93447404	NM_001163418	FAM172A	-	0
chr5	93430700	93430701	MACS_peak_239	57.00	chr5	92953430	93447404	NR_028080	FAM172A	-	0
chr5	93447399	93447400	MACS_peak_240	53.00	chr5	92953430	93447404	NM_001163417	FAM172A	-	0
chr5	93447399	93447400	MACS_peak_240	53.00	chr5	92953430	93447404	NM_032042	FAM172A	-	0
chr5	93447399	93447400	MACS_peak_240	53.00	chr5	92953430	93447404	NM_001163418	FAM172A	-	0
chr5	93447399	93447400	MACS_peak_240	53.00	chr5	92953430	93447404	NR_028080	FAM172A	-	0
chr5	95005407	95005408	MACS_peak_241	16.00	chr5	94987884	95018714	NR_125327	SPATA9	-	0
chr5	95005407	95005408	MACS_peak_241	16.00	chr5	94987884	95018714	NR_125328	SPATA9	-	0
chr5	95005407	95005408	MACS_peak_241	16.00	chr5	94987884	95018714	NR_125330	SPATA9	-	0
chr5	95005407	95005408	MACS_peak_241	16.00	chr5	94994019	95018714	NM_031952	SPATA9	-	0
chr5	95005407	95005408	MACS_peak_241	16.00	chr5	94994019	95018714	NR_125329	SPATA9	-	0
chr5	95054019	95054020	MACS_peak_242	22.00	chr5	95066849	95132071	NM_014899	RHOBTB3	+	-12829
chr5	95220403	95220404	MACS_peak_243	14.00	chr5	95220801	95297775	NM_012081	ELL2	-	397
chr5	95270293	95270294	MACS_peak_244	15.00	chr5	95220801	95297775	NM_012081	ELL2	-	0
chr5	95297757	95297758	MACS_peak_245	124.00	chr5	95220801	95297775	NM_012081	ELL2	-	0
chr5	95297757	95297758	MACS_peak_245	124.00	chr5	95297704	95966789	NR_130776	LOC101929710	+	0
chr5	95309947	95309948	MACS_peak_246	25.00	chr5	95297704	95966789	NR_130776	LOC101929710	+	0
chr5	95353805	95353806	MACS_peak_247	14.00	chr5	95297704	95966789	NR_130776	LOC101929710	+	0
chr5	95908827	95908828	MACS_peak_248	10.00	chr5	95297704	95966789	NR_130776	LOC101929710	+	0
chr5	95992999	95993000	MACS_peak_249	19.00	chr5	95997740	96110385	NM_001190442	CAST	+	-4740
chr5	96232696	96232697	MACS_peak_250	17.00	chr5	96211643	96255406	NM_022350	ERAP2	+	0
chr5	96232696	96232697	MACS_peak_250	17.00	chr5	96211643	96255406	NM_001130140	ERAP2	+	0
chr5	96265984	96265985	MACS_peak_251	20.00	chr5	96271345	96365115	NM_005575	LNPEP	+	-5360
chr5	96268743	96268744	MACS_peak_252	21.00	chr5	96271345	96365115	NM_005575	LNPEP	+	-2601
chr5	98107456	98107457	MACS_peak_253	15.00	chr5	98104998	98132198	NM_001012761	RGMB	+	0
chr5	98107456	98107457	MACS_peak_253	15.00	chr5	98105321	98108788	NR_033932	RGMB-AS1	-	0
chr5	98265346	98265347	MACS_peak_254	29.00	chr5	98264837	98266713	NR_036530	LOC100289230	+	0
chr5	98299587	98299588	MACS_peak_255	27.00	chr5	98264837	98266713	NR_036530	LOC100289230	+	32874
chr5	98356115	98356116	MACS_peak_256	27.00	chr5	98264837	98266713	NR_036530	LOC100289230	+	89402
chr5	99870987	99870988	MACS_peak_257	76.00	chr5	99871008	99922444	NM_198507	FAM174A	+	-20
chr5	102450343	102450344	MACS_peak_258	15.00	chr5	102421703	102455842	NM_017676	GIN1	-	0
chr5	103425008	103425009	MACS_peak_259	23.00	chr5	102884555	102898502	NM_001300741	NUDT12	-	-526506
chr5	103425008	103425009	MACS_peak_259	23.00	chr5	102884555	102898502	NM_031438	NUDT12	-	-526506
chr5	107602143	107602144	MACS_peak_260	12.00	chr5	107194733	107717799	NM_001163315	FBXL17	-	0
chr5	107607044	107607045	MACS_peak_261	20.00	chr5	107194733	107717799	NM_001163315	FBXL17	-	0
chr5	107718082	107718083	MACS_peak_262	30.00	chr5	107194733	107717799	NM_001163315	FBXL17	-	-283
chr5	107867330	107867331	MACS_peak_263	19.00	chr5	107194733	107717799	NM_001163315	FBXL17	-	-149531
chr5	108083501	108083502	MACS_peak_264	20.00	chr5	108083522	108523373	NM_005246	FER	+	-20
chr5	108084598	108084599	MACS_peak_265	18.00	chr5	108083522	108523373	NM_005246	FER	+	0
chr5	108289865	108289866	MACS_peak_266	16.00	chr5	108083522	108523373	NM_005246	FER	+	0
chr5	108745838	108745839	MACS_peak_267	57.00	chr5	108670409	108745675	NM_014819	PJA2	-	-163
chr5	108986391	108986392	MACS_peak_268	9.00	chr5	109025066	109205326	NM_002372	MAN2A1	+	-38674
chr5	108992726	108992727	MACS_peak_269	21.00	chr5	109025066	109205326	NM_002372	MAN2A1	+	-32339
chr5	109026886	109026887	MACS_peak_270	22.00	chr5	109025066	109205326	NM_002372	MAN2A1	+	0
chr5	109039685	109039686	MACS_peak_271	40.00	chr5	109025066	109205326	NM_002372	MAN2A1	+	0
chr5	110062378	110062379	MACS_peak_272	55.00	chr5	109755197	110062450	NM_001039763	TMEM232	-	0
chr5	110402170	110402171	MACS_peak_273	19.00	chr5	110405777	110413722	NR_045089	TSLP	+	-3606
chr5	110866180	110866181	MACS_peak_274	22.00	chr5	110847923	111075423	NR_040093	STARD4-AS1	+	0
chr5	111531853	111531854	MACS_peak_275	11.00	chr5	111498314	111755010	NM_022140	EPB41L4A	-	0
chr5	111541702	111541703	MACS_peak_276	10.00	chr5	111498314	111755010	NM_022140	EPB41L4A	-	0
chr5	111884106	111884107	MACS_peak_277	19.00	chr5	111964132	111966618	NR_104672	LOC102467214	+	-80025
chr5	112030715	112030716	MACS_peak_278	12.00	chr5	111992124	112018585	NR_104673	LOC102467216	-	-12130
chr5	112196872	112196873	MACS_peak_279	35.00	chr5	112196884	112204089	NM_001204193	SRP19	+	-11
chr5	112196872	112196873	MACS_peak_279	35.00	chr5	112196884	112204089	NM_001204196	SRP19	+	-11
chr5	112196872	112196873	MACS_peak_279	35.00	chr5	112196884	112204089	NM_001204194	SRP19	+	-11
chr5	112196872	112196873	MACS_peak_279	35.00	chr5	112196884	112228776	NM_001204199	SRP19	+	-11
chr5	112196872	112196873	MACS_peak_279	35.00	chr5	112196884	112204089	NM_003135	SRP19	+	-11
chr5	112267384	112267385	MACS_peak_280	18.00	chr5	112212080	112258031	NM_005669	REEP5	-	-9353
chr5	112609670	112609671	MACS_peak_281	8.00	chr5	112357795	112630612	NM_002387	MCC	-	0
chr5	112609670	112609671	MACS_peak_281	8.00	chr5	112357795	112824527	NM_001085377	MCC	-	0
chr5	112849377	112849378	MACS_peak_282	72.00	chr5	112849390	112930984	NM_022828	YTHDC2	+	-12
chr5	114880454	114880455	MACS_peak_283	21.00	chr5	114856607	114880591	NM_020177	FEM1C	-	0
chr5	114970551	114970552	MACS_peak_284	15.00	chr5	114977821	115008349	NR_104674	LOC102467217	-	7269
chr5	115368032	115368033	MACS_peak_285	14.00	chr5	115298150	115363299	NM_173800	LVRN	+	4733
chr5	115694732	115694733	MACS_peak_286	32.00	chr5	115703112	115710267	NR_104675	LOC101927190	-	8379
chr5	115707882	115707883	MACS_peak_287	9.00	chr5	115703112	115710267	NR_104675	LOC101927190	-	0
chr5	115827890	115827891	MACS_peak_288	18.00	chr5	115779250	115910622	NM_001300780	SEMA6A	-	0
chr5	115827890	115827891	MACS_peak_288	18.00	chr5	115779250	115910622	NM_020796	SEMA6A	-	0
chr5	116102353	116102354	MACS_peak_289	9.00	chr5	116078997	116097905	NR_104678	LOC102467223	-	-4448
chr5	118193656	118193657	MACS_peak_290	13.00	chr5	118172568	118324240	NM_173666	DTWD2	-	0
chr5	118406623	118406624	MACS_peak_291	32.00	chr5	118406781	118584824	NM_001290321	DMXL1	+	-157
chr5	118406623	118406624	MACS_peak_291	32.00	chr5	118406781	118584824	NM_001290322	DMXL1	+	-157
chr5	118406623	118406624	MACS_peak_291	32.00	chr5	118406781	118584824	NM_005509	DMXL1	+	-157
chr5	118603890	118603891	MACS_peak_292	38.00	chr5	118604386	118730299	NM_001077654	TNFAIP8	+	-495
chr5	118603890	118603891	MACS_peak_292	38.00	chr5	118604386	118730299	NM_001286815	TNFAIP8	+	-495
chr5	118603890	118603891	MACS_peak_292	38.00	chr5	118604386	118730299	NM_001286817	TNFAIP8	+	-495
chr5	118644678	118644679	MACS_peak_293	15.00	chr5	118604386	118730299	NM_001077654	TNFAIP8	+	0
chr5	118644678	118644679	MACS_peak_293	15.00	chr5	118604386	118730299	NM_001286815	TNFAIP8	+	0
chr5	118644678	118644679	MACS_peak_293	15.00	chr5	118604386	118730299	NM_001286817	TNFAIP8	+	0
chr5	118666446	118666447	MACS_peak_294	34.00	chr5	118604386	118730299	NM_001077654	TNFAIP8	+	0
chr5	118666446	118666447	MACS_peak_294	34.00	chr5	118604386	118730299	NM_001286815	TNFAIP8	+	0
chr5	118666446	118666447	MACS_peak_294	34.00	chr5	118604386	118730299	NM_001286817	TNFAIP8	+	0
chr5	118695620	118695621	MACS_peak_295	28.00	chr5	118668869	118730299	NM_001286814	TNFAIP8	+	0
chr5	118695620	118695621	MACS_peak_295	28.00	chr5	118690467	118730299	NM_001286813	TNFAIP8	+	0
chr5	118695620	118695621	MACS_peak_295	28.00	chr5	118691514	118730299	NM_014350	TNFAIP8	+	0
chr5	118695620	118695621	MACS_peak_295	28.00	chr5	118604386	118730299	NM_001077654	TNFAIP8	+	0
chr5	118695620	118695621	MACS_peak_295	28.00	chr5	118604386	118730299	NM_001286815	TNFAIP8	+	0
chr5	118695620	118695621	MACS_peak_295	28.00	chr5	118604386	118730299	NM_001286817	TNFAIP8	+	0
chr5	119474931	119474932	MACS_peak_296	14.00	chr5	119799972	120023025	NM_016644	PRR16	+	-325040
chr5	119474931	119474932	MACS_peak_296	14.00	chr5	119799972	120023025	NM_001300783	PRR16	+	-325040
chr5	119848563	119848564	MACS_peak_297	17.00	chr5	119799972	120023025	NM_016644	PRR16	+	0
chr5	119848563	119848564	MACS_peak_297	17.00	chr5	119799972	120023025	NM_001300783	PRR16	+	0
chr5	121027346	121027347	MACS_peak_298	15.00	chr5	121187649	121188523	NM_177478	FTMT	+	-160302
chr5	121297524	121297525	MACS_peak_299	51.00	chr5	121297655	121364295	NM_152546	SRFBP1	+	-130
chr5	121425487	121425488	MACS_peak_300	11.00	chr5	121398889	121414055	NM_002317	LOX	-	-11432
chr5	122545534	122545535	MACS_peak_301	9.00	chr5	122424840	122523745	NM_001136239	PRDM6	+	21789
chr5	122759193	122759194	MACS_peak_302	27.00	chr5	122680578	122759286	NM_153223	CEP120	-	0
chr5	122759193	122759194	MACS_peak_302	27.00	chr5	122680578	122759286	NM_001166226	CEP120	-	0
chr5	122796130	122796131	MACS_peak_303	33.00	chr5	122680578	122759286	NM_153223	CEP120	-	-36844
chr5	122796130	122796131	MACS_peak_303	33.00	chr5	122680578	122759286	NM_001166226	CEP120	-	-36844
chr5	122946989	122946990	MACS_peak_304	12.00	chr5	122847792	122952738	NM_001031812	CSNK1G3	+	0
chr5	122946989	122946990	MACS_peak_304	12.00	chr5	122847792	122952738	NM_001270574	CSNK1G3	+	0
chr5	122946989	122946990	MACS_peak_304	12.00	chr5	122847792	122952738	NM_001270573	CSNK1G3	+	0
chr5	122946989	122946990	MACS_peak_304	12.00	chr5	122881110	122952738	NM_001270572	CSNK1G3	+	0
chr5	122946989	122946990	MACS_peak_304	12.00	chr5	122881110	122952738	NM_004384	CSNK1G3	+	0
chr5	122946989	122946990	MACS_peak_304	12.00	chr5	122881110	122952738	NM_001044723	CSNK1G3	+	0
chr5	123919735	123919736	MACS_peak_305	16.00	chr5	123972609	124080805	NM_020747	ZNF608	-	52873
chr5	123991826	123991827	MACS_peak_306	22.00	chr5	123972609	124080805	NM_020747	ZNF608	-	0
chr5	124064221	124064222	MACS_peak_307	13.00	chr5	123972609	124080805	NM_020747	ZNF608	-	0
chr5	125695727	125695728	MACS_peak_308	24.00	chr5	125695787	125829853	NM_001146319	GRAMD3	+	-59
chr5	125850718	125850719	MACS_peak_309	24.00	chr5	125695787	125829853	NM_001146319	GRAMD3	+	20865
chr5	125850718	125850719	MACS_peak_309	24.00	chr5	125758868	125829853	NM_001146320	GRAMD3	+	20865
chr5	125850718	125850719	MACS_peak_309	24.00	chr5	125758868	125829853	NM_023927	GRAMD3	+	20865
chr5	125850718	125850719	MACS_peak_309	24.00	chr5	125758868	125829853	NM_001146321	GRAMD3	+	20865
chr5	125850718	125850719	MACS_peak_309	24.00	chr5	125800786	125829853	NM_001146322	GRAMD3	+	20865
chr5	126012000	126012001	MACS_peak_310	24.00	chr5	125967413	125971974	NM_207408	TEX43	+	40026
chr5	126307365	126307366	MACS_peak_311	17.00	chr5	126203405	126366500	NM_178450	MARCH3	-	0
chr5	126366369	126366370	MACS_peak_312	37.00	chr5	126203405	126366500	NM_178450	MARCH3	-	0
chr5	127374541	127374542	MACS_peak_313	18.00	chr5	127357243	127418766	NR_015360	LINC01184	-	0
chr5	127532604	127532605	MACS_peak_314	18.00	chr5	127419482	127525380	NM_001046	SLC12A2	+	7224
chr5	127532604	127532605	MACS_peak_314	18.00	chr5	127419482	127525380	NM_001256461	SLC12A2	+	7224
chr5	127532604	127532605	MACS_peak_314	18.00	chr5	127419482	127525380	NR_046207	SLC12A2	+	7224
chr5	128418123	128418124	MACS_peak_315	20.00	chr5	128430441	128449719	NM_016048	ISOC1	+	-12317
chr5	130506572	130506573	MACS_peak_316	88.00	chr5	130506606	130541119	NM_181705	LYRM7	+	-33
chr5	130506572	130506573	MACS_peak_316	88.00	chr5	130506606	130541119	NR_121658	LYRM7	+	-33
chr5	130506572	130506573	MACS_peak_316	88.00	chr5	130506606	130541119	NM_001293735	LYRM7	+	-33
chr5	130588724	130588725	MACS_peak_317	14.00	chr5	130599701	130730382	NM_001038702	CDC42SE2	+	-10976
chr5	130588724	130588725	MACS_peak_317	14.00	chr5	130599701	130730382	NM_020240	CDC42SE2	+	-10976
chr5	130872301	130872302	MACS_peak_318	28.00	chr5	130759613	130970929	NM_001164386	RAPGEF6	-	0
chr5	130872301	130872302	MACS_peak_318	28.00	chr5	130759613	130970929	NM_001164388	RAPGEF6	-	0
chr5	130872301	130872302	MACS_peak_318	28.00	chr5	130759613	130970929	NM_016340	RAPGEF6	-	0
chr5	130872301	130872302	MACS_peak_318	28.00	chr5	130759613	130970929	NM_001164387	RAPGEF6	-	0
chr5	130872301	130872302	MACS_peak_318	28.00	chr5	130771516	130970929	NM_001164389	RAPGEF6	-	0
chr5	130872301	130872302	MACS_peak_318	28.00	chr5	130799307	130970929	NM_001164390	RAPGEF6	-	0
chr5	130971077	130971078	MACS_peak_319	30.00	chr5	130759613	130970929	NM_001164386	RAPGEF6	-	-148
chr5	130971077	130971078	MACS_peak_319	30.00	chr5	130759613	130970929	NM_001164388	RAPGEF6	-	-148
chr5	130971077	130971078	MACS_peak_319	30.00	chr5	130759613	130970929	NM_016340	RAPGEF6	-	-148
chr5	130971077	130971078	MACS_peak_319	30.00	chr5	130759613	130970929	NM_001164387	RAPGEF6	-	-148
chr5	130971077	130971078	MACS_peak_319	30.00	chr5	130771516	130970929	NM_001164389	RAPGEF6	-	-148
chr5	130971077	130971078	MACS_peak_319	30.00	chr5	130799307	130970929	NM_001164390	RAPGEF6	-	-148
chr5	131083085	131083086	MACS_peak_320	20.00	chr5	130977406	131132756	NM_001008738	FNIP1	-	0
chr5	131083085	131083086	MACS_peak_320	20.00	chr5	130977406	131132756	NM_133372	FNIP1	-	0
chr5	131356782	131356783	MACS_peak_321	33.00	chr5	131285666	131347761	NM_001205250	ACSL6	-	-9021
chr5	131406575	131406576	MACS_peak_322	22.00	chr5	131409484	131411863	NM_000758	CSF2	+	-2908
chr5	131434100	131434101	MACS_peak_323	28.00	chr5	131409484	131411863	NM_000758	CSF2	+	22237
chr5	131450403	131450404	MACS_peak_324	37.00	chr5	131409484	131411863	NM_000758	CSF2	+	38540
chr5	131758554	131758555	MACS_peak_325	37.00	chr5	131746464	131811736	NR_045116	C5orf56	+	0
chr5	131865138	131865139	MACS_peak_326	25.00	chr5	131877135	131879214	NM_000879	IL5	-	11996
chr5	131987766	131987767	MACS_peak_327	10.00	chr5	131993864	131996801	NM_002188	IL13	+	-6097
chr5	132202288	132202289	MACS_peak_328	51.00	chr5	132196873	132202576	NM_001288824	GDF9	-	0
chr5	132202288	132202289	MACS_peak_328	51.00	chr5	132196873	132202576	NM_001288825	GDF9	-	0
chr5	132317132	132317133	MACS_peak_329	23.00	chr5	132332676	132362275	NM_001300822	ZCCHC10	-	15543
chr5	132317132	132317133	MACS_peak_329	23.00	chr5	132332676	132362275	NM_001300816	ZCCHC10	-	15543
chr5	132317132	132317133	MACS_peak_329	23.00	chr5	132332676	132362275	NM_001300819	ZCCHC10	-	15543
chr5	132317132	132317133	MACS_peak_329	23.00	chr5	132332676	132362275	NM_001300817	ZCCHC10	-	15543
chr5	132317132	132317133	MACS_peak_329	23.00	chr5	132332676	132362275	NM_001300818	ZCCHC10	-	15543
chr5	132317132	132317133	MACS_peak_329	23.00	chr5	132332676	132362275	NM_001300825	ZCCHC10	-	15543
chr5	132317132	132317133	MACS_peak_329	23.00	chr5	132332676	132362275	NM_017665	ZCCHC10	-	15543
chr5	132317132	132317133	MACS_peak_329	23.00	chr5	132332676	132362275	NR_125337	ZCCHC10	-	15543
chr5	132385455	132385456	MACS_peak_330	16.00	chr5	132387661	132440709	NM_002154	HSPA4	+	-2205
chr5	132387598	132387599	MACS_peak_331	56.00	chr5	132387661	132440709	NM_002154	HSPA4	+	-62
chr5	132576374	132576375	MACS_peak_332	57.00	chr5	132532151	132948223	NM_015082	FSTL4	-	0
chr5	132581432	132581433	MACS_peak_333	23.00	chr5	132532151	132948223	NM_015082	FSTL4	-	0
chr5	133298983	133298984	MACS_peak_334	34.00	chr5	133291197	133304406	NM_020199	C5orf15	-	0
chr5	133304370	133304371	MACS_peak_335	110.00	chr5	133291197	133304406	NM_020199	C5orf15	-	0
chr5	133561798	133561799	MACS_peak_336	47.00	chr5	133532147	133561950	NM_002715	PPP2CA	-	0
chr5	133585636	133585637	MACS_peak_337	45.00	chr5	133532147	133561950	NM_002715	PPP2CA	-	-23686
chr5	133706773	133706774	MACS_peak_338	48.00	chr5	133634114	133706738	NM_001300853	CDKL3	-	-35
chr5	133945142	133945143	MACS_peak_339	11.00	chr5	133936838	133968533	NM_001033503	SAR1B	-	0
chr5	133945142	133945143	MACS_peak_339	11.00	chr5	133936838	133968533	NM_016103	SAR1B	-	0
chr5	134074146	134074147	MACS_peak_340	86.00	chr5	134074169	134087850	NM_001745	CAMLG	+	-22
chr5	134074946	134074947	MACS_peak_341	10.00	chr5	134074169	134087850	NM_001745	CAMLG	+	0
chr5	134936857	134936858	MACS_peak_342	12.00	chr5	134906370	134914969	NM_004887	CXCL14	-	-21888
chr5	135223232	135223233	MACS_peak_343	12.00	chr5	135170364	135224326	NM_145282	SLC25A48	+	0
chr5	135416372	135416373	MACS_peak_344	34.00	chr5	135416186	135416286	NR_030583	VTRNA2-1	-	-86
chr5	135955997	135955998	MACS_peak_345	21.00	chr5	135548998	135701164	NM_001167577	TRPC7	-	-254833
chr5	135955997	135955998	MACS_peak_345	21.00	chr5	135548998	135701164	NM_001167576	TRPC7	-	-254833
chr5	135955997	135955998	MACS_peak_345	21.00	chr5	135548998	135701164	NM_020389	TRPC7	-	-254833
chr5	136065956	136065957	MACS_peak_346	13.00	chr5	136310986	136835018	NM_004598	SPOCK1	-	245029
chr5	136556378	136556379	MACS_peak_347	37.00	chr5	136310986	136835018	NM_004598	SPOCK1	-	0
chr5	137090124	137090125	MACS_peak_348	46.00	chr5	137087072	137090039	NM_006805	HNRNPA0	-	-85
chr5	137169323	137169324	MACS_peak_349	12.00	chr5	137136881	137146439	NR_002713	NPY6R	+	22884
chr5	137330869	137330870	MACS_peak_350	29.00	chr5	137273641	137368802	NM_001101801	FAM13B	-	0
chr5	137330869	137330870	MACS_peak_350	29.00	chr5	137273641	137368802	NM_001101800	FAM13B	-	0
chr5	137330869	137330870	MACS_peak_350	29.00	chr5	137273641	137368802	NM_016603	FAM13B	-	0
chr5	137371787	137371788	MACS_peak_351	19.00	chr5	137273641	137368802	NM_001101801	FAM13B	-	-2985
chr5	137371787	137371788	MACS_peak_351	19.00	chr5	137273641	137368802	NM_001101800	FAM13B	-	-2985
chr5	137371787	137371788	MACS_peak_351	19.00	chr5	137273641	137368802	NM_016603	FAM13B	-	-2985
chr5	137391123	137391124	MACS_peak_352	23.00	chr5	137273641	137368802	NM_001101801	FAM13B	-	-22321
chr5	137391123	137391124	MACS_peak_352	23.00	chr5	137273641	137368802	NM_001101800	FAM13B	-	-22321
chr5	137391123	137391124	MACS_peak_352	23.00	chr5	137273641	137368802	NM_016603	FAM13B	-	-22321
chr5	137522058	137522059	MACS_peak_353	30.00	chr5	137514416	137523404	NM_005733	KIF20A	+	0
chr5	137549129	137549130	MACS_peak_354	48.00	chr5	137523336	137549032	NM_004661	CDC23	-	-97
chr5	137673168	137673169	MACS_peak_355	105.00	chr5	137620953	137674044	NM_001287583	CDC25C	-	0
chr5	137690869	137690870	MACS_peak_356	20.00	chr5	137688284	137772716	NM_016604	KDM3B	+	0
chr5	137801115	137801116	MACS_peak_357	44.00	chr5	137801180	137805004	NM_001964	EGR1	+	-64
chr5	137878930	137878931	MACS_peak_358	45.00	chr5	137841781	137878989	NM_004730	ETF1	-	0
chr5	137878930	137878931	MACS_peak_358	45.00	chr5	137841781	137878989	NM_001256302	ETF1	-	0
chr5	137878930	137878931	MACS_peak_358	45.00	chr5	137841781	137878989	NM_001291975	ETF1	-	0
chr5	137990416	137990417	MACS_peak_359	17.00	chr5	137890570	137911318	NM_004134	HSPA9	-	-79098
chr5	138310033	138310034	MACS_peak_360	27.00	chr5	138282409	138534065	NM_001037633	SIL1	-	0
chr5	138310033	138310034	MACS_peak_360	27.00	chr5	138282409	138534065	NM_022464	SIL1	-	0
chr5	138340547	138340548	MACS_peak_361	11.00	chr5	138282409	138534065	NM_001037633	SIL1	-	0
chr5	138340547	138340548	MACS_peak_361	11.00	chr5	138282409	138534065	NM_022464	SIL1	-	0
chr5	138363783	138363784	MACS_peak_362	16.00	chr5	138282409	138534065	NM_001037633	SIL1	-	0
chr5	138363783	138363784	MACS_peak_362	16.00	chr5	138282409	138534065	NM_022464	SIL1	-	0
chr5	138524388	138524389	MACS_peak_363	16.00	chr5	138282409	138534065	NM_001037633	SIL1	-	0
chr5	138524388	138524389	MACS_peak_363	16.00	chr5	138282409	138534065	NM_022464	SIL1	-	0
chr5	138739498	138739499	MACS_peak_364	30.00	chr5	138732455	138739776	NM_194296	SPATA24	-	0
chr5	138783372	138783373	MACS_peak_365	18.00	chr5	138784242	138842328	NM_001293739	ECSCR	-	869
chr5	138783372	138783373	MACS_peak_365	18.00	chr5	138784242	138842328	NR_121659	ECSCR	-	869
chr5	138783372	138783373	MACS_peak_365	18.00	chr5	138784242	138842328	NM_001077693	ECSCR	-	869
chr5	139365529	139365530	MACS_peak_366	15.00	chr5	139226363	139422884	NM_004883	NRG2	-	0
chr5	139365529	139365530	MACS_peak_366	15.00	chr5	139226363	139422884	NM_013981	NRG2	-	0
chr5	139365529	139365530	MACS_peak_366	15.00	chr5	139226363	139422884	NM_013983	NRG2	-	0
chr5	139365529	139365530	MACS_peak_366	15.00	chr5	139226363	139422884	NM_001184935	NRG2	-	0
chr5	139365529	139365530	MACS_peak_366	15.00	chr5	139226363	139422884	NM_013982	NRG2	-	0
chr5	139391076	139391077	MACS_peak_367	24.00	chr5	139226363	139422884	NM_004883	NRG2	-	0
chr5	139391076	139391077	MACS_peak_367	24.00	chr5	139226363	139422884	NM_013981	NRG2	-	0
chr5	139391076	139391077	MACS_peak_367	24.00	chr5	139226363	139422884	NM_013983	NRG2	-	0
chr5	139391076	139391077	MACS_peak_367	24.00	chr5	139226363	139422884	NM_001184935	NRG2	-	0
chr5	139391076	139391077	MACS_peak_367	24.00	chr5	139226363	139422884	NM_013982	NRG2	-	0
chr5	139487344	139487345	MACS_peak_368	34.00	chr5	139482506	139487597	NR_102741	LINC01024	-	0
chr5	139487344	139487345	MACS_peak_368	34.00	chr5	139482506	139487597	NR_102740	LINC01024	-	0
chr5	139487344	139487345	MACS_peak_368	34.00	chr5	139482506	139487597	NR_102739	LINC01024	-	0
chr5	139548103	139548104	MACS_peak_369	12.00	chr5	139536903	139548370	NR_130738	LOC101929719	+	0
chr5	139554687	139554688	MACS_peak_370	35.00	chr5	139554652	139623374	NM_032412	CYSTM1	+	0
chr5	139566211	139566212	MACS_peak_371	13.00	chr5	139554652	139623374	NM_032412	CYSTM1	+	0
chr5	139641497	139641498	MACS_peak_372	22.00	chr5	139624634	139682689	NM_002622	PFDN1	-	0
chr5	139682729	139682730	MACS_peak_373	38.00	chr5	139624634	139682689	NM_002622	PFDN1	-	-40
chr5	139781103	139781104	MACS_peak_374	69.00	chr5	139781398	139852062	NM_017978	ANKHD1	+	-294
chr5	139781103	139781104	MACS_peak_374	69.00	chr5	139781398	139852062	NM_001197030	ANKHD1	+	-294
chr5	139781103	139781104	MACS_peak_374	69.00	chr5	139781398	139852062	NM_024668	ANKHD1	+	-294
chr5	139781103	139781104	MACS_peak_374	69.00	chr5	139781398	139919441	NM_017747	ANKHD1	+	-294
chr5	139781103	139781104	MACS_peak_374	69.00	chr5	139781398	139929163	NM_020690	ANKHD1-EIF4EBP3	+	-294
chr5	139944200	139944201	MACS_peak_375	95.00	chr5	139944149	139948689	NM_080670	SLC35A4	+	0
chr5	139990912	139990913	MACS_peak_376	14.00	chr5	140011312	140013286	NM_001174105	CD14	-	20399
chr5	139990912	139990913	MACS_peak_376	14.00	chr5	140011312	140013286	NM_001174104	CD14	-	20399
chr5	139990912	139990913	MACS_peak_376	14.00	chr5	140011312	140013286	NM_001040021	CD14	-	20399
chr5	139990912	139990913	MACS_peak_376	14.00	chr5	140011312	140013035	NM_000591	CD14	-	20399
chr5	140018794	140018795	MACS_peak_377	26.00	chr5	140019011	140024993	NM_001300982	TMCO6	+	-216
chr5	140018794	140018795	MACS_peak_377	26.00	chr5	140019011	140024993	NM_018502	TMCO6	+	-216
chr5	140018794	140018795	MACS_peak_377	26.00	chr5	140019011	140024993	NM_001300980	TMCO6	+	-216
chr5	140058771	140058772	MACS_peak_378	9.00	chr5	140053488	140071312	NM_001289093	HARS	-	0
chr5	140058771	140058772	MACS_peak_378	9.00	chr5	140053488	140071312	NM_002109	HARS	-	0
chr5	140058771	140058772	MACS_peak_378	9.00	chr5	140053488	140071312	NM_001258042	HARS	-	0
chr5	140058771	140058772	MACS_peak_378	9.00	chr5	140053488	140071312	NM_001258041	HARS	-	0
chr5	140058771	140058772	MACS_peak_378	9.00	chr5	140053488	140071312	NM_001258040	HARS	-	0
chr5	140058771	140058772	MACS_peak_378	9.00	chr5	140053488	140071312	NM_001289092	HARS	-	0
chr5	140058771	140058772	MACS_peak_378	9.00	chr5	140053488	140071312	NM_001289094	HARS	-	0
chr5	140090818	140090819	MACS_peak_379	36.00	chr5	140090860	140090958	NR_026703	VTRNA1-1	+	-41
chr5	140098444	140098445	MACS_peak_380	68.00	chr5	140098510	140098598	NR_026704	VTRNA1-2	+	-65
chr5	140105674	140105675	MACS_peak_381	57.00	chr5	140105743	140105831	NR_026705	VTRNA1-3	+	-68
chr5	140900940	140900941	MACS_peak_382	24.00	chr5	140894587	140998622	NM_001079812	DIAPH1	-	0
chr5	140900940	140900941	MACS_peak_382	24.00	chr5	140894587	140998622	NM_005219	DIAPH1	-	0
chr5	140943901	140943902	MACS_peak_383	75.00	chr5	140937877	140944827	NR_038333	LOC100505658	+	0
chr5	140943901	140943902	MACS_peak_383	75.00	chr5	140894587	140998622	NM_001079812	DIAPH1	-	0
chr5	140943901	140943902	MACS_peak_383	75.00	chr5	140894587	140998622	NM_005219	DIAPH1	-	0
chr5	140984100	140984101	MACS_peak_384	18.00	chr5	140894587	140998622	NM_001079812	DIAPH1	-	0
chr5	140984100	140984101	MACS_peak_384	18.00	chr5	140894587	140998622	NM_005219	DIAPH1	-	0
chr5	140985420	140985421	MACS_peak_385	43.00	chr5	140894587	140998622	NM_001079812	DIAPH1	-	0
chr5	140985420	140985421	MACS_peak_385	43.00	chr5	140894587	140998622	NM_005219	DIAPH1	-	0
chr5	141037821	141037822	MACS_peak_386	25.00	chr5	141032967	141061800	NM_022481	ARAP3	-	0
chr5	141071061	141071062	MACS_peak_387	20.00	chr5	141032967	141061800	NM_022481	ARAP3	-	-9261
chr5	141150797	141150798	MACS_peak_388	17.00	chr5	141232675	141257975	NM_032420	PCDH1	-	81877
chr5	141269034	141269035	MACS_peak_389	12.00	chr5	141275190	141276260	NR_033244	LOC729080	-	6155
chr5	141350081	141350082	MACS_peak_390	30.00	chr5	141346401	141369856	NM_183399	RNF14	+	0
chr5	141350081	141350082	MACS_peak_390	30.00	chr5	141346401	141369856	NM_001201365	RNF14	+	0
chr5	141350081	141350082	MACS_peak_390	30.00	chr5	141348450	141369856	NM_183400	RNF14	+	0
chr5	141350081	141350082	MACS_peak_390	30.00	chr5	141348450	141369856	NM_004290	RNF14	+	0
chr5	141350081	141350082	MACS_peak_390	30.00	chr5	141348450	141369856	NM_183398	RNF14	+	0
chr5	141350081	141350082	MACS_peak_390	30.00	chr5	141348711	141369856	NM_183401	RNF14	+	0
chr5	141659777	141659778	MACS_peak_391	22.00	chr5	141689991	141704620	NM_001127496	SPRY4	-	30213
chr5	141659777	141659778	MACS_peak_391	22.00	chr5	141689991	141704620	NM_030964	SPRY4	-	30213
chr5	141659777	141659778	MACS_peak_391	22.00	chr5	141689991	141703982	NM_001293290	SPRY4	-	30213
chr5	141659777	141659778	MACS_peak_391	22.00	chr5	141689991	141703982	NM_001293289	SPRY4	-	30213
chr5	141776971	141776972	MACS_peak_392	26.00	chr5	141704857	141843619	NR_120664	LOC101926941	+	0
chr5	141826482	141826483	MACS_peak_393	14.00	chr5	141704857	141843619	NR_120664	LOC101926941	+	0
chr5	141917690	141917691	MACS_peak_394	14.00	chr5	141971742	142077635	NM_001144935	FGF1	-	54051
chr5	141917690	141917691	MACS_peak_394	14.00	chr5	141971742	142077635	NM_001144934	FGF1	-	54051
chr5	141917690	141917691	MACS_peak_394	14.00	chr5	141971742	142066060	NM_000800	FGF1	-	54051
chr5	141917690	141917691	MACS_peak_394	14.00	chr5	141971742	142000920	NM_001144892	FGF1	-	54051
chr5	141917690	141917691	MACS_peak_394	14.00	chr5	141971742	142000920	NM_001257212	FGF1	-	54051
chr5	141917690	141917691	MACS_peak_394	14.00	chr5	141971742	142065268	NM_001257211	FGF1	-	54051
chr5	141917690	141917691	MACS_peak_394	14.00	chr5	141971742	141993726	NM_033137	FGF1	-	54051
chr5	141917690	141917691	MACS_peak_394	14.00	chr5	141971742	142066060	NM_033136	FGF1	-	54051
chr5	141917690	141917691	MACS_peak_394	14.00	chr5	141971742	142065268	NM_001257208	FGF1	-	54051
chr5	141917690	141917691	MACS_peak_394	14.00	chr5	141971742	142066060	NM_001257207	FGF1	-	54051
chr5	141917690	141917691	MACS_peak_394	14.00	chr5	141971742	142077635	NM_001257206	FGF1	-	54051
chr5	141917690	141917691	MACS_peak_394	14.00	chr5	141971742	142077635	NM_001257205	FGF1	-	54051
chr5	141917690	141917691	MACS_peak_394	14.00	chr5	141971742	142023866	NM_001257210	FGF1	-	54051
chr5	141917690	141917691	MACS_peak_394	14.00	chr5	141971742	142065268	NM_001257209	FGF1	-	54051
chr5	142041720	142041721	MACS_peak_395	17.00	chr5	141971742	142077635	NM_001144935	FGF1	-	0
chr5	142041720	142041721	MACS_peak_395	17.00	chr5	141971742	142077635	NM_001144934	FGF1	-	0
chr5	142041720	142041721	MACS_peak_395	17.00	chr5	141971742	142066060	NM_000800	FGF1	-	0
chr5	142041720	142041721	MACS_peak_395	17.00	chr5	141971742	142065268	NM_001257211	FGF1	-	0
chr5	142041720	142041721	MACS_peak_395	17.00	chr5	141971742	142066060	NM_033136	FGF1	-	0
chr5	142041720	142041721	MACS_peak_395	17.00	chr5	141971742	142065268	NM_001257208	FGF1	-	0
chr5	142041720	142041721	MACS_peak_395	17.00	chr5	141971742	142066060	NM_001257207	FGF1	-	0
chr5	142041720	142041721	MACS_peak_395	17.00	chr5	141971742	142077635	NM_001257206	FGF1	-	0
chr5	142041720	142041721	MACS_peak_395	17.00	chr5	141971742	142077635	NM_001257205	FGF1	-	0
chr5	142041720	142041721	MACS_peak_395	17.00	chr5	141971742	142065268	NM_001257209	FGF1	-	0
chr5	142312077	142312078	MACS_peak_396	14.00	chr5	142150291	142608572	NM_015071	ARHGAP26	+	0
chr5	142312077	142312078	MACS_peak_396	14.00	chr5	142150291	142608572	NM_001135608	ARHGAP26	+	0
chr5	142357363	142357364	MACS_peak_397	24.00	chr5	142150291	142608572	NM_015071	ARHGAP26	+	0
chr5	142357363	142357364	MACS_peak_397	24.00	chr5	142150291	142608572	NM_001135608	ARHGAP26	+	0
chr5	142406115	142406116	MACS_peak_398	25.00	chr5	142150291	142608572	NM_015071	ARHGAP26	+	0
chr5	142406115	142406116	MACS_peak_398	25.00	chr5	142150291	142608572	NM_001135608	ARHGAP26	+	0
chr5	142504408	142504409	MACS_peak_399	16.00	chr5	142150291	142608572	NM_015071	ARHGAP26	+	0
chr5	142504408	142504409	MACS_peak_399	16.00	chr5	142150291	142608572	NM_001135608	ARHGAP26	+	0
chr5	142518579	142518580	MACS_peak_400	14.00	chr5	142150291	142608572	NM_015071	ARHGAP26	+	0
chr5	142518579	142518580	MACS_peak_400	14.00	chr5	142150291	142608572	NM_001135608	ARHGAP26	+	0
chr5	142642102	142642103	MACS_peak_401	23.00	chr5	142657495	142783254	NM_001204259	NR3C1	-	15392
chr5	142642102	142642103	MACS_peak_401	23.00	chr5	142657495	142783254	NM_001020825	NR3C1	-	15392
chr5	142642102	142642103	MACS_peak_401	23.00	chr5	142657495	142783254	NM_001024094	NR3C1	-	15392
chr5	142642102	142642103	MACS_peak_401	23.00	chr5	142657495	142783254	NM_001204261	NR3C1	-	15392
chr5	142642102	142642103	MACS_peak_401	23.00	chr5	142657495	142815077	NM_001018074	NR3C1	-	15392
chr5	142642102	142642103	MACS_peak_401	23.00	chr5	142657495	142783254	NM_001204260	NR3C1	-	15392
chr5	142642102	142642103	MACS_peak_401	23.00	chr5	142657495	142783254	NM_001204264	NR3C1	-	15392
chr5	142642102	142642103	MACS_peak_401	23.00	chr5	142657495	142783254	NM_000176	NR3C1	-	15392
chr5	142642102	142642103	MACS_peak_401	23.00	chr5	142657495	142783254	NM_001204263	NR3C1	-	15392
chr5	142642102	142642103	MACS_peak_401	23.00	chr5	142657495	142783254	NM_001204262	NR3C1	-	15392
chr5	142642102	142642103	MACS_peak_401	23.00	chr5	142657495	142815077	NM_001018077	NR3C1	-	15392
chr5	142642102	142642103	MACS_peak_401	23.00	chr5	142657495	142783254	NM_001204258	NR3C1	-	15392
chr5	142642102	142642103	MACS_peak_401	23.00	chr5	142657495	142784045	NM_001018076	NR3C1	-	15392
chr5	142642102	142642103	MACS_peak_401	23.00	chr5	142657495	142815077	NM_001018075	NR3C1	-	15392
chr5	142721544	142721545	MACS_peak_402	18.00	chr5	142657495	142783254	NM_001204259	NR3C1	-	0
chr5	142721544	142721545	MACS_peak_402	18.00	chr5	142657495	142783254	NM_001020825	NR3C1	-	0
chr5	142721544	142721545	MACS_peak_402	18.00	chr5	142657495	142783254	NM_001024094	NR3C1	-	0
chr5	142721544	142721545	MACS_peak_402	18.00	chr5	142657495	142783254	NM_001204261	NR3C1	-	0
chr5	142721544	142721545	MACS_peak_402	18.00	chr5	142657495	142815077	NM_001018074	NR3C1	-	0
chr5	142721544	142721545	MACS_peak_402	18.00	chr5	142657495	142783254	NM_001204260	NR3C1	-	0
chr5	142721544	142721545	MACS_peak_402	18.00	chr5	142657495	142783254	NM_001204264	NR3C1	-	0
chr5	142721544	142721545	MACS_peak_402	18.00	chr5	142657495	142783254	NM_000176	NR3C1	-	0
chr5	142721544	142721545	MACS_peak_402	18.00	chr5	142657495	142783254	NM_001204263	NR3C1	-	0
chr5	142721544	142721545	MACS_peak_402	18.00	chr5	142657495	142783254	NM_001204262	NR3C1	-	0
chr5	142721544	142721545	MACS_peak_402	18.00	chr5	142657495	142815077	NM_001018077	NR3C1	-	0
chr5	142721544	142721545	MACS_peak_402	18.00	chr5	142657495	142783254	NM_001204258	NR3C1	-	0
chr5	142721544	142721545	MACS_peak_402	18.00	chr5	142657495	142784045	NM_001018076	NR3C1	-	0
chr5	142721544	142721545	MACS_peak_402	18.00	chr5	142657495	142815077	NM_001018075	NR3C1	-	0
chr5	142721544	142721545	MACS_peak_402	18.00	chr5	142673442	142783254	NM_001204265	NR3C1	-	0
chr5	143571766	143571767	MACS_peak_403	14.00	chr5	143550436	143856944	NM_020768	KCTD16	+	0
chr5	145326316	145326317	MACS_peak_404	22.00	chr5	145316125	145442879	NM_152550	SH3RF2	+	0
chr5	145387044	145387045	MACS_peak_405	20.00	chr5	145316125	145442879	NM_152550	SH3RF2	+	0
chr5	145562364	145562365	MACS_peak_406	92.00	chr5	145492588	145562294	NM_020117	LARS	-	-70
chr5	145826622	145826623	MACS_peak_407	22.00	chr5	145826872	145891069	NM_001040006	TCERG1	+	-249
chr5	145826622	145826623	MACS_peak_407	22.00	chr5	145826872	145891069	NM_006706	TCERG1	+	-249
chr5	147763485	147763486	MACS_peak_408	26.00	chr5	147763497	147822399	NM_030793	FBXO38	+	-11
chr5	147763485	147763486	MACS_peak_408	26.00	chr5	147763497	147822399	NM_001271723	FBXO38	+	-11
chr5	148018905	148018906	MACS_peak_409	15.00	chr5	147861114	148034090	NM_000870	HTR4	-	0
chr5	148018905	148018906	MACS_peak_409	15.00	chr5	147861114	148034090	NR_104445	HTR4	-	0
chr5	148062020	148062021	MACS_peak_410	20.00	chr5	147861114	148034090	NM_000870	HTR4	-	-27930
chr5	148062020	148062021	MACS_peak_410	20.00	chr5	147861114	148034090	NR_104445	HTR4	-	-27930
chr5	148077184	148077185	MACS_peak_411	19.00	chr5	147861114	148034090	NM_000870	HTR4	-	-43094
chr5	148077184	148077185	MACS_peak_411	19.00	chr5	147861114	148034090	NR_104445	HTR4	-	-43094
chr5	148186189	148186190	MACS_peak_412	18.00	chr5	148206155	148208197	NM_000024	ADRB2	+	-19965
chr5	148533671	148533672	MACS_peak_413	23.00	chr5	148521045	148640001	NM_001301015	ABLIM3	+	0
chr5	148533671	148533672	MACS_peak_413	23.00	chr5	148521045	148640001	NM_001301027	ABLIM3	+	0
chr5	148533671	148533672	MACS_peak_413	23.00	chr5	148521045	148640001	NM_001301028	ABLIM3	+	0
chr5	148533671	148533672	MACS_peak_413	23.00	chr5	148521045	148640001	NM_014945	ABLIM3	+	0
chr5	148533671	148533672	MACS_peak_413	23.00	chr5	148521571	148640001	NM_001301018	ABLIM3	+	0
chr5	148620096	148620097	MACS_peak_414	18.00	chr5	148521045	148640001	NM_001301015	ABLIM3	+	0
chr5	148620096	148620097	MACS_peak_414	18.00	chr5	148521045	148640001	NM_001301027	ABLIM3	+	0
chr5	148620096	148620097	MACS_peak_414	18.00	chr5	148521045	148640001	NM_001301028	ABLIM3	+	0
chr5	148620096	148620097	MACS_peak_414	18.00	chr5	148521045	148640001	NM_014945	ABLIM3	+	0
chr5	148620096	148620097	MACS_peak_414	18.00	chr5	148521571	148640001	NM_001301018	ABLIM3	+	0
chr5	148772471	148772472	MACS_peak_415	11.00	chr5	148753829	148758838	NM_014443	IL17B	-	-13633
chr5	148898426	148898427	MACS_peak_416	13.00	chr5	148875456	148929894	NM_001271742	CSNK1A1	-	0
chr5	148898426	148898427	MACS_peak_416	13.00	chr5	148875456	148931115	NM_001271741	CSNK1A1	-	0
chr5	148898426	148898427	MACS_peak_416	13.00	chr5	148875456	148931115	NM_001892	CSNK1A1	-	0
chr5	148898426	148898427	MACS_peak_416	13.00	chr5	148875456	148931115	NM_001025105	CSNK1A1	-	0
chr5	148941515	148941516	MACS_peak_417	11.00	chr5	148875456	148931115	NM_001271741	CSNK1A1	-	-10400
chr5	148941515	148941516	MACS_peak_417	11.00	chr5	148875456	148931115	NM_001892	CSNK1A1	-	-10400
chr5	148941515	148941516	MACS_peak_417	11.00	chr5	148875456	148931115	NM_001025105	CSNK1A1	-	-10400
chr5	149082861	149082862	MACS_peak_418	32.00	chr5	149109814	149234585	NM_001172698	PPARGC1B	+	-26952
chr5	149082861	149082862	MACS_peak_418	32.00	chr5	149109814	149234585	NM_133263	PPARGC1B	+	-26952
chr5	149319794	149319795	MACS_peak_419	34.00	chr5	149237518	149324356	NM_000440	PDE6A	-	0
chr5	149380233	149380234	MACS_peak_420	51.00	chr5	149372685	149380730	NM_030953	TIGD6	-	0
chr5	149380233	149380234	MACS_peak_420	51.00	chr5	149380168	149432706	NM_014983	HMGXB3	+	0
chr5	149429941	149429942	MACS_peak_421	41.00	chr5	149380168	149432706	NM_014983	HMGXB3	+	0
chr5	149522493	149522494	MACS_peak_422	46.00	chr5	149493401	149535422	NM_002609	PDGFRB	-	0
chr5	149604247	149604248	MACS_peak_423	15.00	chr5	149599053	149669403	NM_171825	CAMK2A	-	0
chr5	149604247	149604248	MACS_peak_423	15.00	chr5	149599053	149669403	NM_015981	CAMK2A	-	0
chr5	149789512	149789513	MACS_peak_424	47.00	chr5	149781199	149792499	NM_001025159	CD74	-	0
chr5	149789512	149789513	MACS_peak_424	47.00	chr5	149781199	149792499	NM_001025158	CD74	-	0
chr5	149789512	149789513	MACS_peak_424	47.00	chr5	149781199	149792499	NM_004355	CD74	-	0
chr5	149790286	149790287	MACS_peak_425	48.00	chr5	149781199	149792499	NM_001025159	CD74	-	0
chr5	149790286	149790287	MACS_peak_425	48.00	chr5	149781199	149792499	NM_001025158	CD74	-	0
chr5	149790286	149790287	MACS_peak_425	48.00	chr5	149781199	149792499	NM_004355	CD74	-	0
chr5	149792540	149792541	MACS_peak_426	21.00	chr5	149781199	149792499	NM_001025159	CD74	-	-41
chr5	149792540	149792541	MACS_peak_426	21.00	chr5	149781199	149792499	NM_001025158	CD74	-	-41
chr5	149792540	149792541	MACS_peak_426	21.00	chr5	149781199	149792499	NM_004355	CD74	-	-41
chr5	150080639	150080640	MACS_peak_427	103.00	chr5	150070351	150080669	NM_018047	RBM22	-	0
chr5	150138621	150138622	MACS_peak_428	51.00	chr5	150088308	150138657	NM_016221	DCTN4	-	0
chr5	150138621	150138622	MACS_peak_428	51.00	chr5	150088308	150138657	NM_001135643	DCTN4	-	0
chr5	150143145	150143146	MACS_peak_429	27.00	chr5	150088308	150138657	NM_016221	DCTN4	-	-4488
chr5	150143145	150143146	MACS_peak_429	27.00	chr5	150088308	150138657	NM_001135643	DCTN4	-	-4488
chr5	150395660	150395661	MACS_peak_430	15.00	chr5	150399998	150408554	NM_002084	GPX3	+	-4337
chr5	151088935	151088936	MACS_peak_431	47.00	chr5	151056505	151067468	NR_109873	CTB-113P19.1	+	21467
chr5	151151467	151151468	MACS_peak_432	30.00	chr5	151151475	151184915	NM_198395	G3BP1	+	-7
chr5	151151467	151151468	MACS_peak_432	30.00	chr5	151151475	151184915	NM_005754	G3BP1	+	-7
chr5	152998619	152998620	MACS_peak_433	28.00	chr5	152870083	153193429	NM_001258020	GRIA1	+	0
chr5	152998619	152998620	MACS_peak_433	28.00	chr5	152870083	153193429	NM_000827	GRIA1	+	0
chr5	152998619	152998620	MACS_peak_433	28.00	chr5	152870083	153193429	NM_001114183	GRIA1	+	0
chr5	152998619	152998620	MACS_peak_433	28.00	chr5	152870083	153193429	NM_001258019	GRIA1	+	0
chr5	152998619	152998620	MACS_peak_433	28.00	chr5	152870083	153193429	NR_047578	GRIA1	+	0
chr5	152998619	152998620	MACS_peak_433	28.00	chr5	152870856	153193429	NM_001258023	GRIA1	+	0
chr5	152998619	152998620	MACS_peak_433	28.00	chr5	152871731	153193429	NM_001258022	GRIA1	+	0
chr5	152998619	152998620	MACS_peak_433	28.00	chr5	152871731	153193429	NM_001258021	GRIA1	+	0
chr5	153358772	153358773	MACS_peak_434	19.00	chr5	153371268	153418497	NM_018691	FAM114A2	-	12495
chr5	153368163	153368164	MACS_peak_435	14.00	chr5	153371268	153418497	NM_018691	FAM114A2	-	3104
chr5	153455000	153455001	MACS_peak_436	21.00	chr5	153418518	153437014	NM_001242336	MFAP3	+	17986
chr5	153455000	153455001	MACS_peak_436	21.00	chr5	153418518	153437014	NM_005927	MFAP3	+	17986
chr5	153455000	153455001	MACS_peak_436	21.00	chr5	153418518	153437014	NM_001135037	MFAP3	+	17986
chr5	153753506	153753507	MACS_peak_437	13.00	chr5	153570294	153800543	NM_198321	GALNT10	+	0
chr5	154155951	154155952	MACS_peak_438	25.00	chr5	154092461	154197167	NM_015315	LARP1	+	0
chr5	156569985	156569986	MACS_peak_439	20.00	chr5	156565450	156569921	NM_004270	MED7	-	-64
chr5	156576029	156576030	MACS_peak_440	16.00	chr5	156565450	156569921	NM_004270	MED7	-	-6108
chr5	156718620	156718621	MACS_peak_441	9.00	chr5	156693089	156822606	NM_001037333	CYFIP2	+	0
chr5	156718620	156718621	MACS_peak_441	9.00	chr5	156693089	156822606	NM_001291721	CYFIP2	+	0
chr5	156718620	156718621	MACS_peak_441	9.00	chr5	156693089	156822606	NM_001291722	CYFIP2	+	0
chr5	156718620	156718621	MACS_peak_441	9.00	chr5	156696351	156822606	NM_014376	CYFIP2	+	0
chr5	156789304	156789305	MACS_peak_442	13.00	chr5	156693089	156822606	NM_001037333	CYFIP2	+	0
chr5	156789304	156789305	MACS_peak_442	13.00	chr5	156693089	156822606	NM_001291721	CYFIP2	+	0
chr5	156789304	156789305	MACS_peak_442	13.00	chr5	156693089	156822606	NM_001291722	CYFIP2	+	0
chr5	156789304	156789305	MACS_peak_442	13.00	chr5	156696351	156822606	NM_014376	CYFIP2	+	0
chr5	156817753	156817754	MACS_peak_443	11.00	chr5	156693089	156822606	NM_001037333	CYFIP2	+	0
chr5	156817753	156817754	MACS_peak_443	11.00	chr5	156693089	156822606	NM_001291721	CYFIP2	+	0
chr5	156817753	156817754	MACS_peak_443	11.00	chr5	156693089	156822606	NM_001291722	CYFIP2	+	0
chr5	156817753	156817754	MACS_peak_443	11.00	chr5	156696351	156822606	NM_014376	CYFIP2	+	0
chr5	157286161	157286162	MACS_peak_444	53.00	chr5	157212750	157286183	NM_001195556	CLINT1	-	0
chr5	157286161	157286162	MACS_peak_444	53.00	chr5	157212750	157286183	NM_001195555	CLINT1	-	0
chr5	157286161	157286162	MACS_peak_444	53.00	chr5	157212750	157286183	NM_014666	CLINT1	-	0
chr5	158235139	158235140	MACS_peak_445	29.00	chr5	158122922	158526788	NM_182708	EBF1	-	0
chr5	158235139	158235140	MACS_peak_445	29.00	chr5	158122922	158526788	NM_024007	EBF1	-	0
chr5	158235139	158235140	MACS_peak_445	29.00	chr5	158122922	158526788	NM_001290360	EBF1	-	0
chr5	158527427	158527428	MACS_peak_446	20.00	chr5	158527490	158544486	NR_109890	LOC101927740	+	-62
chr5	158606197	158606198	MACS_peak_447	43.00	chr5	158584416	158634834	NM_144726	RNF145	-	0
chr5	158606197	158606198	MACS_peak_447	43.00	chr5	158584416	158636563	NM_001199383	RNF145	-	0
chr5	158606197	158606198	MACS_peak_447	43.00	chr5	158584416	158634656	NM_001199382	RNF145	-	0
chr5	158606197	158606198	MACS_peak_447	43.00	chr5	158584416	158637061	NM_001199380	RNF145	-	0
chr5	158606197	158606198	MACS_peak_447	43.00	chr5	158584416	158635140	NM_001199381	RNF145	-	0
chr5	158635097	158635098	MACS_peak_448	16.00	chr5	158584416	158636563	NM_001199383	RNF145	-	0
chr5	158635097	158635098	MACS_peak_448	16.00	chr5	158584416	158637061	NM_001199380	RNF145	-	0
chr5	158635097	158635098	MACS_peak_448	16.00	chr5	158584416	158635140	NM_001199381	RNF145	-	0
chr5	158667619	158667620	MACS_peak_449	14.00	chr5	158690088	158713048	NM_145049	UBLCP1	+	-22468
chr5	158764759	158764760	MACS_peak_450	21.00	chr5	158758525	158789842	NR_037889	LOC285626	+	0
chr5	158769045	158769046	MACS_peak_451	19.00	chr5	158758525	158789842	NR_037889	LOC285626	+	0
chr5	158955043	158955044	MACS_peak_452	12.00	chr5	158875563	158893284	NR_027110	LOC285627	-	-61759
chr5	159048444	159048445	MACS_peak_453	9.00	chr5	158875563	158893284	NR_027110	LOC285627	-	-155160
chr5	159055953	159055954	MACS_peak_454	21.00	chr5	159203781	159298391	NR_109891	LOC101927766	-	147827
chr5	159066160	159066161	MACS_peak_455	38.00	chr5	159203781	159298391	NR_109891	LOC101927766	-	137620
chr5	159087625	159087626	MACS_peak_456	22.00	chr5	159203781	159298391	NR_109891	LOC101927766	-	116155
chr5	159200508	159200509	MACS_peak_457	13.00	chr5	159203781	159298391	NR_109891	LOC101927766	-	3272
chr5	159436041	159436042	MACS_peak_458	142.00	chr5	159436106	159492552	NM_003314	TTC1	+	-64
chr5	159436041	159436042	MACS_peak_458	142.00	chr5	159436106	159492552	NM_001282500	TTC1	+	-64
chr5	159546639	159546640	MACS_peak_459	42.00	chr5	159518346	159546452	NM_001130864	PWWP2A	-	-187
chr5	159546639	159546640	MACS_peak_459	42.00	chr5	159502891	159546452	NM_052927	PWWP2A	-	-187
chr5	159546639	159546640	MACS_peak_459	42.00	chr5	159502891	159546452	NM_001267035	PWWP2A	-	-187
chr5	159688132	159688133	MACS_peak_460	37.00	chr5	159678670	159739573	NM_024565	CCNJL	-	0
chr5	162621093	162621094	MACS_peak_461	21.00	chr5	162864576	162872022	NM_004060	CCNG1	+	-243482
chr5	162621093	162621094	MACS_peak_461	21.00	chr5	162864576	162872022	NM_199246	CCNG1	+	-243482
chr5	162861598	162861599	MACS_peak_462	17.00	chr5	162864576	162872022	NM_004060	CCNG1	+	-2977
chr5	162861598	162861599	MACS_peak_462	17.00	chr5	162864576	162872022	NM_199246	CCNG1	+	-2977
chr5	162887566	162887567	MACS_peak_463	18.00	chr5	162887516	162918953	NM_012484	HMMR	+	0
chr5	162887566	162887567	MACS_peak_463	18.00	chr5	162887516	162918953	NM_001142557	HMMR	+	0
chr5	162887566	162887567	MACS_peak_463	18.00	chr5	162887516	162918953	NM_001142556	HMMR	+	0
chr5	162887566	162887567	MACS_peak_463	18.00	chr5	162887516	162918953	NM_012485	HMMR	+	0
chr5	167744885	167744886	MACS_peak_464	48.00	chr5	167719064	167899308	NM_015238	WWC1	+	0
chr5	167744885	167744886	MACS_peak_464	48.00	chr5	167719064	167899308	NM_001161662	WWC1	+	0
chr5	167744885	167744886	MACS_peak_464	48.00	chr5	167719064	167899308	NM_001161661	WWC1	+	0
chr5	167904377	167904378	MACS_peak_465	13.00	chr5	167719064	167899308	NM_015238	WWC1	+	5069
chr5	167904377	167904378	MACS_peak_465	13.00	chr5	167719064	167899308	NM_001161662	WWC1	+	5069
chr5	167904377	167904378	MACS_peak_465	13.00	chr5	167719064	167899308	NM_001161661	WWC1	+	5069
chr5	167997938	167997939	MACS_peak_466	17.00	chr5	167982627	168006614	NM_024594	PANK3	-	0
chr5	168197374	168197375	MACS_peak_467	9.00	chr5	168088737	168728133	NM_003062	SLIT3	-	0
chr5	168197374	168197375	MACS_peak_467	9.00	chr5	168088737	168728133	NM_001271946	SLIT3	-	0
chr5	168221516	168221517	MACS_peak_468	17.00	chr5	168088737	168728133	NM_003062	SLIT3	-	0
chr5	168221516	168221517	MACS_peak_468	17.00	chr5	168088737	168728133	NM_001271946	SLIT3	-	0
chr5	168279089	168279090	MACS_peak_469	10.00	chr5	168088737	168728133	NM_003062	SLIT3	-	0
chr5	168279089	168279090	MACS_peak_469	10.00	chr5	168088737	168728133	NM_001271946	SLIT3	-	0
chr5	168301914	168301915	MACS_peak_470	11.00	chr5	168088737	168728133	NM_003062	SLIT3	-	0
chr5	168301914	168301915	MACS_peak_470	11.00	chr5	168088737	168728133	NM_001271946	SLIT3	-	0
chr5	169078116	169078117	MACS_peak_471	21.00	chr5	169064250	169510386	NM_004946	DOCK2	+	0
chr5	169173515	169173516	MACS_peak_472	15.00	chr5	169064250	169510386	NM_004946	DOCK2	+	0
chr5	169230730	169230731	MACS_peak_473	27.00	chr5	169064250	169510386	NM_004946	DOCK2	+	0
chr5	169514642	169514643	MACS_peak_474	9.00	chr5	169064250	169510386	NM_004946	DOCK2	+	4256
chr5	169627949	169627950	MACS_peak_475	8.00	chr5	169618650	169626145	NR_108022	LINC01187	-	-1804
chr5	169705758	169705759	MACS_peak_476	9.00	chr5	169675087	169724822	NM_005565	LCP2	-	0
chr5	169733600	169733601	MACS_peak_477	31.00	chr5	169675087	169724822	NM_005565	LCP2	-	-8778
chr5	169734830	169734831	MACS_peak_478	53.00	chr5	169675087	169724822	NM_005565	LCP2	-	-10008
chr5	169739928	169739929	MACS_peak_479	22.00	chr5	169675087	169724822	NM_005565	LCP2	-	-15106
chr5	169758451	169758452	MACS_peak_480	17.00	chr5	169758396	169762104	NR_026945	LINC01366	+	0
chr5	169758451	169758452	MACS_peak_480	17.00	chr5	169758396	169762104	NR_108024	LINC01366	+	0
chr5	169758451	169758452	MACS_peak_480	17.00	chr5	169758396	169762104	NR_108025	LINC01366	+	0
chr5	170904336	170904337	MACS_peak_481	13.00	chr5	170846666	170884630	NM_003862	FGF18	+	19706
chr5	170961306	170961307	MACS_peak_482	31.00	chr5	170846666	170884630	NM_003862	FGF18	+	76676
chr5	171381060	171381061	MACS_peak_483	32.00	chr5	171288555	171433877	NM_033645	FBXW11	-	0
chr5	171381060	171381061	MACS_peak_483	32.00	chr5	171288555	171433877	NM_012300	FBXW11	-	0
chr5	171381060	171381061	MACS_peak_483	32.00	chr5	171288555	171433877	NM_033644	FBXW11	-	0
chr5	171780706	171780707	MACS_peak_484	14.00	chr5	171760502	171881527	NM_001017995	SH3PXD2B	-	0
chr5	171870676	171870677	MACS_peak_485	14.00	chr5	171760502	171881527	NM_001017995	SH3PXD2B	-	0
chr5	172192549	172192550	MACS_peak_486	51.00	chr5	172195092	172198203	NM_004417	DUSP1	-	2542
chr5	172198358	172198359	MACS_peak_487	48.00	chr5	172195092	172198203	NM_004417	DUSP1	-	-155
chr5	172234372	172234373	MACS_peak_488	58.00	chr5	172261222	172379688	NM_001031711	ERGIC1	+	-26849
chr5	172328201	172328202	MACS_peak_489	41.00	chr5	172261222	172379688	NM_001031711	ERGIC1	+	0
chr5	172882504	172882505	MACS_peak_490	19.00	chr5	172774457	172774539	NR_107023	MIR8056	+	107965
chr5	173029645	173029646	MACS_peak_491	15.00	chr5	173034147	173043666	NM_001159651	BOD1	-	4501
chr5	173029645	173029646	MACS_peak_491	15.00	chr5	173034147	173043666	NM_138369	BOD1	-	4501
chr5	173043727	173043728	MACS_peak_492	100.00	chr5	173034147	173043666	NM_001159651	BOD1	-	-61
chr5	173043727	173043728	MACS_peak_492	100.00	chr5	173034147	173043666	NM_138369	BOD1	-	-61
chr5	173193572	173193573	MACS_peak_493	53.00	chr5	173213792	173217945	NR_108028	LINC01485	-	20219
chr5	173209241	173209242	MACS_peak_494	30.00	chr5	173213792	173217945	NR_108028	LINC01485	-	4550
chr5	173249632	173249633	MACS_peak_495	18.00	chr5	173213792	173217945	NR_108028	LINC01485	-	-31687
chr5	173266309	173266310	MACS_peak_496	28.00	chr5	173213792	173217945	NR_108028	LINC01485	-	-48364
chr5	173340859	173340860	MACS_peak_497	17.00	chr5	173315330	173387313	NM_030627	CPEB4	+	0
chr5	173782326	173782327	MACS_peak_498	13.00	chr5	173763356	173954142	NR_125806	LINC01411	+	0
chr5	175612221	175612222	MACS_peak_499	32.00	chr5	175570087	175626298	NR_036494	LOC643201	-	0
chr5	175799342	175799343	MACS_peak_500	25.00	chr5	175792501	175800503	NM_173664	ARL10	+	0
chr5	175875358	175875359	MACS_peak_501	32.00	chr5	175875355	175937075	NM_014613	FAF2	+	0
chr5	175964908	175964909	MACS_peak_502	75.00	chr5	175953699	175964421	NM_014901	RNF44	-	-487
chr5	176297196	176297197	MACS_peak_503	37.00	chr5	176237559	176307899	NM_133369	UNC5A	+	0
chr5	176727420	176727421	MACS_peak_504	16.00	chr5	176560079	176727214	NM_172349	NSD1	+	206
chr5	176727420	176727421	MACS_peak_504	16.00	chr5	176560832	176727214	NM_022455	NSD1	+	206
chr5	176853500	176853501	MACS_peak_505	55.00	chr5	176853686	176868354	NM_001004105	GRK6	+	-185
chr5	176853500	176853501	MACS_peak_505	55.00	chr5	176853686	176869850	NM_001004106	GRK6	+	-185
chr5	176853500	176853501	MACS_peak_505	55.00	chr5	176853686	176869850	NM_002082	GRK6	+	-185
chr5	176881689	176881690	MACS_peak_506	73.00	chr5	176873795	176883287	NM_001174101	PRR7	+	0
chr5	176881689	176881690	MACS_peak_506	73.00	chr5	176873795	176883287	NM_030567	PRR7	+	0
chr5	176881689	176881690	MACS_peak_506	73.00	chr5	176875325	176883283	NM_001174102	PRR7	+	0
chr5	176944040	176944041	MACS_peak_507	35.00	chr5	176938577	176943967	NM_016222	DDX41	-	-73
chr5	177554689	177554690	MACS_peak_508	23.00	chr5	177540555	177553107	NM_015111	N4BP3	+	1582
chr5	177580910	177580911	MACS_peak_509	92.00	chr5	177576464	177580961	NM_001034833	NHP2	-	0
chr5	177580910	177580911	MACS_peak_509	92.00	chr5	177576464	177580961	NM_017838	NHP2	-	0
chr5	177876267	177876268	MACS_peak_510	17.00	chr5	177664616	178017556	NM_173465	COL23A1	-	0
chr5	178157813	178157814	MACS_peak_511	15.00	chr5	178138521	178157703	NM_005649	ZNF354A	-	-110
chr5	178516716	178516717	MACS_peak_512	19.00	chr5	178487606	178507691	NM_014594	ZNF354C	+	9025
chr5	179159735	179159736	MACS_peak_513	31.00	chr5	179159850	179204287	NM_014757	MAML1	+	-114
chr5	179246103	179246104	MACS_peak_514	30.00	chr5	179233387	179265077	NM_001142298	SQSTM1	+	0
chr5	179246103	179246104	MACS_peak_514	30.00	chr5	179234002	179265077	NM_001142299	SQSTM1	+	0
chr5	179434886	179434887	MACS_peak_515	13.00	chr5	179382066	179499118	NM_001280801	RNF130	-	0
chr5	179434886	179434887	MACS_peak_515	13.00	chr5	179382066	179499118	NM_018434	RNF130	-	0
chr5	179453548	179453549	MACS_peak_516	33.00	chr5	179382066	179499118	NM_001280801	RNF130	-	0
chr5	179453548	179453549	MACS_peak_516	33.00	chr5	179382066	179499118	NM_018434	RNF130	-	0
chr5	179513032	179513033	MACS_peak_517	15.00	chr5	179382066	179499118	NM_001280801	RNF130	-	-13914
chr5	179513032	179513033	MACS_peak_517	15.00	chr5	179382066	179499118	NM_018434	RNF130	-	-13914
chr5	179530688	179530689	MACS_peak_518	11.00	chr5	179527794	179636130	NM_175062	RASGEF1C	-	0
chr5	179533003	179533004	MACS_peak_519	49.00	chr5	179527794	179636130	NM_175062	RASGEF1C	-	0
chr5	179982456	179982457	MACS_peak_520	22.00	chr5	179921398	180005405	NM_001303241	CNOT6	+	0
chr5	180131571	180131572	MACS_peak_521	12.00	chr5	180166122	180167058	NM_001001657	OR2Y1	-	34550
chr5	180611317	180611318	MACS_peak_522	67.00	chr5	180618045	180618908	NR_108031	LOC102577426	-	6727
chr5	180688159	180688160	MACS_peak_523	94.00	chr5	180683385	180688119	NM_032765	TRIM52	-	-40
